#
# There is insufficient memory for the Java Runtime Environment to continue.
# Native memory allocation (mmap) failed to map 127926272 bytes for G1 virtual space
# Possible reasons:
#   The system is out of physical RAM or swap space
#   The process is running with CompressedOops enabled, and the Java Heap may be blocking the growth of the native heap
# Possible solutions:
#   Reduce memory load on the system
#   Increase physical memory or swap space
#   Check if swap backing store is full
#   Decrease Java heap size (-Xmx/-Xms)
#   Decrease number of Java threads
#   Decrease Java thread stack sizes (-Xss)
#   Set larger code cache with -XX:ReservedCodeCacheSize=
#   JVM is running with Unscaled Compressed Oops mode in which the Java heap is
#     placed in the first 4GB address space. The Java Heap base address is the
#     maximum limit for the native heap growth. Please use -XX:HeapBaseMinAddress
#     to set the Java Heap base and to place the Java Heap above 4GB virtual address.
# This output file may be truncated or incomplete.
#
#  Out of Memory Error (os_windows.cpp:3825), pid=8308, tid=9224
#
# JRE version: OpenJDK Runtime Environment (17.0.9) (build 17.0.9+0--11185874)
# Java VM: OpenJDK 64-Bit Server VM (17.0.9+0--11185874, mixed mode, tiered, compressed oops, compressed class ptrs, g1 gc, windows-amd64)
# No core dump will be written. Minidumps are not enabled by default on client versions of Windows
#

---------------  S U M M A R Y ------------

Command Line: org.jetbrains.kotlin.cli.jvm.K2JVMCompiler @D:\Faizan (BS)\Semester 8\MAD\Calculator-master\app\build\20240524_9756733339075656435.compiler.options

Host: Intel(R) Core(TM) i7-7500U CPU @ 2.70GHz, 4 cores, 7G,  Windows 11 , 64 bit Build 22621 (10.0.22621.3527)
Time: Fri May 24 01:04:37 2024 Pakistan Standard Time elapsed time: 12.095230 seconds (0d 0h 0m 12s)

---------------  T H R E A D  ---------------

Current thread (0x000001f772875ad0):  VMThread "VM Thread" [stack: 0x00000023f0e00000,0x00000023f0f00000] [id=9224]

Stack: [0x00000023f0e00000,0x00000023f0f00000]
Native frames: (J=compiled Java code, j=interpreted, Vv=VM code, C=native code)
V  [jvm.dll+0x6886e9]
V  [jvm.dll+0x841e4a]
V  [jvm.dll+0x843a8e]
V  [jvm.dll+0x8440f3]
V  [jvm.dll+0x24c14f]
V  [jvm.dll+0x685499]
V  [jvm.dll+0x679c2a]
V  [jvm.dll+0x30cf9b]
V  [jvm.dll+0x314446]
V  [jvm.dll+0x36425e]
V  [jvm.dll+0x36448f]
V  [jvm.dll+0x2e2d68]
V  [jvm.dll+0x2e0f44]
V  [jvm.dll+0x2e054c]
V  [jvm.dll+0x3253fb]
V  [jvm.dll+0x8487eb]
V  [jvm.dll+0x849531]
V  [jvm.dll+0x849a4d]
V  [jvm.dll+0x849e24]
V  [jvm.dll+0x849ef0]
V  [jvm.dll+0x7f06aa]
V  [jvm.dll+0x687565]
C  [ucrtbase.dll+0x29333]
C  [KERNEL32.DLL+0x1257d]
C  [ntdll.dll+0x5aa48]

VM_Operation (0x00000023f08fb580): G1CollectForAllocation, mode: safepoint, requested by thread 0x000001f759347c70


---------------  P R O C E S S  ---------------

Threads class SMR info:
_java_thread_list=0x000001f7773bd6d0, length=13, elements={
0x000001f759347c70, 0x000001f772898660, 0x000001f772899c80, 0x000001f7729f9fb0,
0x000001f7729fbb80, 0x000001f7729f2fb0, 0x000001f772a018f0, 0x000001f772a07970,
0x000001f772a08a20, 0x000001f772a0d3c0, 0x000001f772a02310, 0x000001f772a00ed0,
0x000001f7773d2b80
}

Java Threads: ( => current thread )
  0x000001f759347c70 JavaThread "main" [_thread_blocked, id=10976, stack(0x00000023f0800000,0x00000023f0900000)]
  0x000001f772898660 JavaThread "Reference Handler" daemon [_thread_blocked, id=3272, stack(0x00000023f0f00000,0x00000023f1000000)]
  0x000001f772899c80 JavaThread "Finalizer" daemon [_thread_blocked, id=6024, stack(0x00000023f1000000,0x00000023f1100000)]
  0x000001f7729f9fb0 JavaThread "Signal Dispatcher" daemon [_thread_blocked, id=10172, stack(0x00000023f1100000,0x00000023f1200000)]
  0x000001f7729fbb80 JavaThread "Attach Listener" daemon [_thread_blocked, id=3076, stack(0x00000023f1200000,0x00000023f1300000)]
  0x000001f7729f2fb0 JavaThread "Service Thread" daemon [_thread_blocked, id=1420, stack(0x00000023f1300000,0x00000023f1400000)]
  0x000001f772a018f0 JavaThread "Monitor Deflation Thread" daemon [_thread_blocked, id=4056, stack(0x00000023f1400000,0x00000023f1500000)]
  0x000001f772a07970 JavaThread "C2 CompilerThread0" daemon [_thread_blocked, id=12028, stack(0x00000023f1500000,0x00000023f1600000)]
  0x000001f772a08a20 JavaThread "C1 CompilerThread0" daemon [_thread_blocked, id=1492, stack(0x00000023f1600000,0x00000023f1700000)]
  0x000001f772a0d3c0 JavaThread "Sweeper thread" daemon [_thread_blocked, id=6960, stack(0x00000023f1700000,0x00000023f1800000)]
  0x000001f772a02310 JavaThread "Notification Thread" daemon [_thread_blocked, id=6384, stack(0x00000023f1800000,0x00000023f1900000)]
  0x000001f772a00ed0 JavaThread "Common-Cleaner" daemon [_thread_blocked, id=6768, stack(0x00000023f1a00000,0x00000023f1b00000)]
  0x000001f7773d2b80 JavaThread "C2 CompilerThread1" daemon [_thread_blocked, id=14988, stack(0x00000023f1e00000,0x00000023f1f00000)]

Other Threads:
=>0x000001f772875ad0 VMThread "VM Thread" [stack: 0x00000023f0e00000,0x00000023f0f00000] [id=9224]
  0x000001f772b65b60 WatcherThread [stack: 0x00000023f1900000,0x00000023f1a00000] [id=3512]
  0x000001f7593a36d0 GCTaskThread "GC Thread#0" [stack: 0x00000023f0900000,0x00000023f0a00000] [id=11752]
  0x000001f7771f6be0 GCTaskThread "GC Thread#1" [stack: 0x00000023f1b00000,0x00000023f1c00000] [id=12876]
  0x000001f777175bd0 GCTaskThread "GC Thread#2" [stack: 0x00000023f1c00000,0x00000023f1d00000] [id=4296]
  0x000001f777213720 GCTaskThread "GC Thread#3" [stack: 0x00000023f1d00000,0x00000023f1e00000] [id=4440]
  0x000001f7593b4320 ConcurrentGCThread "G1 Main Marker" [stack: 0x00000023f0a00000,0x00000023f0b00000] [id=8740]
  0x000001f7593b4d40 ConcurrentGCThread "G1 Conc#0" [stack: 0x00000023f0b00000,0x00000023f0c00000] [id=7804]
  0x000001f7726d24c0 ConcurrentGCThread "G1 Refine#0" [stack: 0x00000023f0c00000,0x00000023f0d00000] [id=6084]
  0x000001f777c23b20 ConcurrentGCThread "G1 Refine#1" [stack: 0x00000023f1f00000,0x00000023f2000000] [id=9184]
  0x000001f7795a7230 ConcurrentGCThread "G1 Refine#2" [stack: 0x00000023f2000000,0x00000023f2100000] [id=4124]
  0x000001f7726d2ef0 ConcurrentGCThread "G1 Service" [stack: 0x00000023f0d00000,0x00000023f0e00000] [id=252]

Threads with active compile tasks:
C1 CompilerThread0    12118 11801       3       org.jetbrains.kotlin.backend.common.ClassLoweringVisitor::visitBlock (7 bytes)

VM state: at safepoint (normal execution)

VM Mutex/Monitor currently owned by a thread:  ([mutex/lock_event])
[0x000001f7593444e0] Threads_lock - owner thread: 0x000001f772875ad0
[0x000001f759345260] Heap_lock - owner thread: 0x000001f759347c70

Heap address: 0x0000000081800000, size: 2024 MB, Compressed Oops mode: 32-bit

CDS archive(s) not mapped
Compressed class space mapped at: 0x0000000100000000-0x0000000140000000, reserved size: 1073741824
Narrow klass base: 0x0000000000000000, Narrow klass shift: 3, Narrow klass range: 0x140000000

GC Precious Log:
 CPUs: 4 total, 4 available
 Memory: 8089M
 Large Page Support: Disabled
 NUMA Support: Disabled
 Compressed Oops: Enabled (32-bit)
 Heap Region Size: 1M
 Heap Min Capacity: 8M
 Heap Initial Capacity: 128M
 Heap Max Capacity: 2024M
 Pre-touch: Disabled
 Parallel Workers: 4
 Concurrent Workers: 1
 Concurrent Refinement Workers: 4
 Periodic GC: Disabled

Heap:
 garbage-first heap   total 131072K, used 73269K [0x0000000081800000, 0x0000000100000000)
  region size 1024K, 3 young (3072K), 3 survivors (3072K)
 Metaspace       used 77668K, committed 78016K, reserved 1179648K
  class space    used 8778K, committed 8960K, reserved 1048576K

Heap Regions: E=young(eden), S=young(survivor), O=old, HS=humongous(starts), HC=humongous(continues), CS=collection set, F=free, OA=open archive, CA=closed archive, TAMS=top-at-mark-start (previous, next)
|   0|0x0000000081800000, 0x0000000081900000, 0x0000000081900000|100%|HS|  |TAMS 0x0000000081900000, 0x0000000081900000| Complete 
|   1|0x0000000081900000, 0x0000000081a00000, 0x0000000081a00000|100%|HC|  |TAMS 0x0000000081a00000, 0x0000000081a00000| Complete 
|   2|0x0000000081a00000, 0x0000000081b00000, 0x0000000081b00000|100%|HC|  |TAMS 0x0000000081b00000, 0x0000000081b00000| Complete 
|   3|0x0000000081b00000, 0x0000000081c00000, 0x0000000081c00000|100%|HC|  |TAMS 0x0000000081c00000, 0x0000000081c00000| Complete 
|   4|0x0000000081c00000, 0x0000000081d00000, 0x0000000081d00000|100%| O|  |TAMS 0x0000000081d00000, 0x0000000081d00000| Untracked 
|   5|0x0000000081d00000, 0x0000000081e00000, 0x0000000081e00000|100%| O|  |TAMS 0x0000000081e00000, 0x0000000081e00000| Untracked 
|   6|0x0000000081e00000, 0x0000000081f00000, 0x0000000081f00000|100%| O|  |TAMS 0x0000000081f00000, 0x0000000081f00000| Untracked 
|   7|0x0000000081f00000, 0x0000000082000000, 0x0000000082000000|100%|HS|  |TAMS 0x0000000082000000, 0x0000000082000000| Complete 
|   8|0x0000000082000000, 0x0000000082100000, 0x0000000082100000|100%|HC|  |TAMS 0x0000000082100000, 0x0000000082100000| Complete 
|   9|0x0000000082100000, 0x0000000082200000, 0x0000000082200000|100%|HC|  |TAMS 0x0000000082200000, 0x0000000082200000| Complete 
|  10|0x0000000082200000, 0x0000000082300000, 0x0000000082300000|100%|HC|  |TAMS 0x0000000082300000, 0x0000000082300000| Complete 
|  11|0x0000000082300000, 0x0000000082400000, 0x0000000082400000|100%| O|  |TAMS 0x0000000082400000, 0x0000000082400000| Untracked 
|  12|0x0000000082400000, 0x0000000082500000, 0x0000000082500000|100%| O|  |TAMS 0x0000000082500000, 0x0000000082500000| Untracked 
|  13|0x0000000082500000, 0x0000000082600000, 0x0000000082600000|100%| O|  |TAMS 0x0000000082600000, 0x0000000082600000| Untracked 
|  14|0x0000000082600000, 0x0000000082700000, 0x0000000082700000|100%| O|  |TAMS 0x0000000082700000, 0x0000000082700000| Untracked 
|  15|0x0000000082700000, 0x0000000082800000, 0x0000000082800000|100%| O|  |TAMS 0x0000000082800000, 0x0000000082800000| Untracked 
|  16|0x0000000082800000, 0x0000000082900000, 0x0000000082900000|100%| O|  |TAMS 0x0000000082900000, 0x0000000082900000| Untracked 
|  17|0x0000000082900000, 0x0000000082a00000, 0x0000000082a00000|100%| O|  |TAMS 0x0000000082a00000, 0x0000000082a00000| Untracked 
|  18|0x0000000082a00000, 0x0000000082b00000, 0x0000000082b00000|100%| O|  |TAMS 0x0000000082b00000, 0x0000000082b00000| Untracked 
|  19|0x0000000082b00000, 0x0000000082c00000, 0x0000000082c00000|100%| O|  |TAMS 0x0000000082c00000, 0x0000000082c00000| Untracked 
|  20|0x0000000082c00000, 0x0000000082d00000, 0x0000000082d00000|100%| O|  |TAMS 0x0000000082d00000, 0x0000000082d00000| Untracked 
|  21|0x0000000082d00000, 0x0000000082e00000, 0x0000000082e00000|100%| O|  |TAMS 0x0000000082e00000, 0x0000000082e00000| Untracked 
|  22|0x0000000082e00000, 0x0000000082f00000, 0x0000000082f00000|100%| O|  |TAMS 0x0000000082f00000, 0x0000000082f00000| Untracked 
|  23|0x0000000082f00000, 0x0000000083000000, 0x0000000083000000|100%| O|  |TAMS 0x0000000083000000, 0x0000000083000000| Untracked 
|  24|0x0000000083000000, 0x0000000083100000, 0x0000000083100000|100%| O|  |TAMS 0x0000000083100000, 0x0000000083100000| Untracked 
|  25|0x0000000083100000, 0x0000000083200000, 0x0000000083200000|100%| O|  |TAMS 0x0000000083200000, 0x0000000083200000| Untracked 
|  26|0x0000000083200000, 0x0000000083200000, 0x0000000083300000|  0%| F|  |TAMS 0x0000000083200000, 0x0000000083200000| Untracked 
|  27|0x0000000083300000, 0x0000000083400000, 0x0000000083400000|100%|HS|  |TAMS 0x0000000083400000, 0x0000000083400000| Complete 
|  28|0x0000000083400000, 0x0000000083500000, 0x0000000083500000|100%|HC|  |TAMS 0x0000000083500000, 0x0000000083500000| Complete 
|  29|0x0000000083500000, 0x0000000083600000, 0x0000000083600000|100%| O|  |TAMS 0x0000000083600000, 0x0000000083600000| Untracked 
|  30|0x0000000083600000, 0x0000000083700000, 0x0000000083700000|100%| O|  |TAMS 0x0000000083700000, 0x0000000083700000| Untracked 
|  31|0x0000000083700000, 0x0000000083800000, 0x0000000083800000|100%| O|  |TAMS 0x0000000083700000, 0x0000000083800000| Untracked 
|  32|0x0000000083800000, 0x0000000083900000, 0x0000000083900000|100%| O|  |TAMS 0x0000000083900000, 0x0000000083900000| Untracked 
|  33|0x0000000083900000, 0x0000000083a00000, 0x0000000083a00000|100%| O|  |TAMS 0x0000000083a00000, 0x0000000083a00000| Untracked 
|  34|0x0000000083a00000, 0x0000000083b00000, 0x0000000083b00000|100%| O|  |TAMS 0x0000000083b00000, 0x0000000083b00000| Untracked 
|  35|0x0000000083b00000, 0x0000000083c00000, 0x0000000083c00000|100%| O|  |TAMS 0x0000000083c00000, 0x0000000083c00000| Untracked 
|  36|0x0000000083c00000, 0x0000000083d00000, 0x0000000083d00000|100%| O|  |TAMS 0x0000000083d00000, 0x0000000083d00000| Untracked 
|  37|0x0000000083d00000, 0x0000000083e00000, 0x0000000083e00000|100%| O|  |TAMS 0x0000000083e00000, 0x0000000083e00000| Untracked 
|  38|0x0000000083e00000, 0x0000000083f00000, 0x0000000083f00000|100%| O|  |TAMS 0x0000000083f00000, 0x0000000083f00000| Untracked 
|  39|0x0000000083f00000, 0x0000000084000000, 0x0000000084000000|100%| O|  |TAMS 0x0000000084000000, 0x0000000084000000| Untracked 
|  40|0x0000000084000000, 0x0000000084100000, 0x0000000084100000|100%| O|  |TAMS 0x0000000084100000, 0x0000000084100000| Untracked 
|  41|0x0000000084100000, 0x0000000084200000, 0x0000000084200000|100%| O|  |TAMS 0x0000000084200000, 0x0000000084200000| Untracked 
|  42|0x0000000084200000, 0x0000000084300000, 0x0000000084300000|100%| O|  |TAMS 0x0000000084300000, 0x0000000084300000| Untracked 
|  43|0x0000000084300000, 0x0000000084400000, 0x0000000084400000|100%| O|  |TAMS 0x0000000084400000, 0x0000000084400000| Untracked 
|  44|0x0000000084400000, 0x0000000084500000, 0x0000000084500000|100%| O|  |TAMS 0x0000000084500000, 0x0000000084500000| Untracked 
|  45|0x0000000084500000, 0x0000000084600000, 0x0000000084600000|100%| O|  |TAMS 0x0000000084600000, 0x0000000084600000| Untracked 
|  46|0x0000000084600000, 0x0000000084700000, 0x0000000084700000|100%| O|  |TAMS 0x0000000084700000, 0x0000000084700000| Untracked 
|  47|0x0000000084700000, 0x0000000084800000, 0x0000000084800000|100%| O|  |TAMS 0x0000000084800000, 0x0000000084800000| Untracked 
|  48|0x0000000084800000, 0x0000000084900000, 0x0000000084900000|100%| O|  |TAMS 0x0000000084900000, 0x0000000084900000| Untracked 
|  49|0x0000000084900000, 0x0000000084a00000, 0x0000000084a00000|100%| O|  |TAMS 0x0000000084a00000, 0x0000000084a00000| Untracked 
|  50|0x0000000084a00000, 0x0000000084b00000, 0x0000000084b00000|100%| O|  |TAMS 0x0000000084b00000, 0x0000000084b00000| Untracked 
|  51|0x0000000084b00000, 0x0000000084c00000, 0x0000000084c00000|100%| O|  |TAMS 0x0000000084c00000, 0x0000000084c00000| Untracked 
|  52|0x0000000084c00000, 0x0000000084d00000, 0x0000000084d00000|100%| O|  |TAMS 0x0000000084d00000, 0x0000000084d00000| Untracked 
|  53|0x0000000084d00000, 0x0000000084e00000, 0x0000000084e00000|100%| O|  |TAMS 0x0000000084e00000, 0x0000000084e00000| Untracked 
|  54|0x0000000084e00000, 0x0000000084f00000, 0x0000000084f00000|100%| O|  |TAMS 0x0000000084f00000, 0x0000000084f00000| Untracked 
|  55|0x0000000084f00000, 0x0000000085000000, 0x0000000085000000|100%| O|  |TAMS 0x0000000085000000, 0x0000000085000000| Untracked 
|  56|0x0000000085000000, 0x0000000085100000, 0x0000000085100000|100%| O|  |TAMS 0x0000000085100000, 0x0000000085100000| Untracked 
|  57|0x0000000085100000, 0x0000000085200000, 0x0000000085200000|100%| O|  |TAMS 0x0000000085200000, 0x0000000085200000| Untracked 
|  58|0x0000000085200000, 0x0000000085300000, 0x0000000085300000|100%| O|  |TAMS 0x0000000085300000, 0x0000000085300000| Untracked 
|  59|0x0000000085300000, 0x0000000085400000, 0x0000000085400000|100%| O|  |TAMS 0x0000000085348e00, 0x0000000085400000| Untracked 
|  60|0x0000000085400000, 0x0000000085500000, 0x0000000085500000|100%| O|  |TAMS 0x0000000085400000, 0x0000000085500000| Untracked 
|  61|0x0000000085500000, 0x0000000085600000, 0x0000000085600000|100%| O|  |TAMS 0x0000000085500000, 0x0000000085600000| Untracked 
|  62|0x0000000085600000, 0x0000000085700000, 0x0000000085700000|100%| O|  |TAMS 0x0000000085600000, 0x0000000085700000| Untracked 
|  63|0x0000000085700000, 0x0000000085800000, 0x0000000085800000|100%| O|  |TAMS 0x0000000085700000, 0x0000000085800000| Untracked 
|  64|0x0000000085800000, 0x0000000085900000, 0x0000000085900000|100%| O|  |TAMS 0x0000000085800000, 0x0000000085900000| Untracked 
|  65|0x0000000085900000, 0x0000000085a00000, 0x0000000085a00000|100%| O|  |TAMS 0x0000000085900000, 0x0000000085a00000| Untracked 
|  66|0x0000000085a00000, 0x0000000085b00000, 0x0000000085b00000|100%| O|  |TAMS 0x0000000085a00000, 0x0000000085b00000| Untracked 
|  67|0x0000000085b00000, 0x0000000085c00000, 0x0000000085c00000|100%| O|  |TAMS 0x0000000085b00000, 0x0000000085c00000| Untracked 
|  68|0x0000000085c00000, 0x0000000085d00000, 0x0000000085d00000|100%| O|  |TAMS 0x0000000085c00000, 0x0000000085d00000| Untracked 
|  69|0x0000000085d00000, 0x0000000085e00000, 0x0000000085e00000|100%| O|  |TAMS 0x0000000085d00000, 0x0000000085e00000| Untracked 
|  70|0x0000000085e00000, 0x0000000085e35400, 0x0000000085f00000| 20%| O|  |TAMS 0x0000000085e00000, 0x0000000085e35400| Untracked 
|  71|0x0000000085f00000, 0x0000000085f00000, 0x0000000086000000|  0%| F|  |TAMS 0x0000000085f00000, 0x0000000085f00000| Untracked 
|  72|0x0000000086000000, 0x0000000086000000, 0x0000000086100000|  0%| F|  |TAMS 0x0000000086000000, 0x0000000086000000| Untracked 
|  73|0x0000000086100000, 0x0000000086100000, 0x0000000086200000|  0%| F|  |TAMS 0x0000000086100000, 0x0000000086100000| Untracked 
|  74|0x0000000086200000, 0x0000000086200000, 0x0000000086300000|  0%| F|  |TAMS 0x0000000086200000, 0x0000000086200000| Untracked 
|  75|0x0000000086300000, 0x0000000086300000, 0x0000000086400000|  0%| F|  |TAMS 0x0000000086300000, 0x0000000086300000| Untracked 
|  76|0x0000000086400000, 0x0000000086400000, 0x0000000086500000|  0%| F|  |TAMS 0x0000000086400000, 0x0000000086400000| Untracked 
|  77|0x0000000086500000, 0x0000000086500000, 0x0000000086600000|  0%| F|  |TAMS 0x0000000086500000, 0x0000000086500000| Untracked 
|  78|0x0000000086600000, 0x0000000086600000, 0x0000000086700000|  0%| F|  |TAMS 0x0000000086600000, 0x0000000086600000| Untracked 
|  79|0x0000000086700000, 0x0000000086700000, 0x0000000086800000|  0%| F|  |TAMS 0x0000000086700000, 0x0000000086700000| Untracked 
|  80|0x0000000086800000, 0x0000000086800000, 0x0000000086900000|  0%| F|  |TAMS 0x0000000086800000, 0x0000000086800000| Untracked 
|  81|0x0000000086900000, 0x0000000086900000, 0x0000000086a00000|  0%| F|  |TAMS 0x0000000086900000, 0x0000000086900000| Untracked 
|  82|0x0000000086a00000, 0x0000000086a00000, 0x0000000086b00000|  0%| F|  |TAMS 0x0000000086a00000, 0x0000000086a00000| Untracked 
|  83|0x0000000086b00000, 0x0000000086b00000, 0x0000000086c00000|  0%| F|  |TAMS 0x0000000086b00000, 0x0000000086b00000| Untracked 
|  84|0x0000000086c00000, 0x0000000086c00000, 0x0000000086d00000|  0%| F|  |TAMS 0x0000000086c00000, 0x0000000086c00000| Untracked 
|  85|0x0000000086d00000, 0x0000000086d00000, 0x0000000086e00000|  0%| F|  |TAMS 0x0000000086d00000, 0x0000000086d00000| Untracked 
|  86|0x0000000086e00000, 0x0000000086e00000, 0x0000000086f00000|  0%| F|  |TAMS 0x0000000086e00000, 0x0000000086e00000| Untracked 
|  87|0x0000000086f00000, 0x0000000086f00000, 0x0000000087000000|  0%| F|  |TAMS 0x0000000086f00000, 0x0000000086f00000| Untracked 
|  88|0x0000000087000000, 0x0000000087000000, 0x0000000087100000|  0%| F|  |TAMS 0x0000000087000000, 0x0000000087000000| Untracked 
|  89|0x0000000087100000, 0x0000000087100000, 0x0000000087200000|  0%| F|  |TAMS 0x0000000087100000, 0x0000000087100000| Untracked 
|  90|0x0000000087200000, 0x0000000087200000, 0x0000000087300000|  0%| F|  |TAMS 0x0000000087200000, 0x0000000087200000| Untracked 
|  91|0x0000000087300000, 0x00000000873583c0, 0x0000000087400000| 34%| S|CS|TAMS 0x0000000087300000, 0x0000000087300000| Complete 
|  92|0x0000000087400000, 0x0000000087500000, 0x0000000087500000|100%| S|CS|TAMS 0x0000000087400000, 0x0000000087400000| Complete 
|  93|0x0000000087500000, 0x0000000087600000, 0x0000000087600000|100%| S|CS|TAMS 0x0000000087500000, 0x0000000087500000| Complete 
|  94|0x0000000087600000, 0x0000000087600000, 0x0000000087700000|  0%| F|  |TAMS 0x0000000087600000, 0x0000000087600000| Untracked 
|  95|0x0000000087700000, 0x0000000087700000, 0x0000000087800000|  0%| F|  |TAMS 0x0000000087700000, 0x0000000087700000| Untracked 
|  96|0x0000000087800000, 0x0000000087800000, 0x0000000087900000|  0%| F|  |TAMS 0x0000000087800000, 0x0000000087800000| Untracked 
|  97|0x0000000087900000, 0x0000000087900000, 0x0000000087a00000|  0%| F|  |TAMS 0x0000000087900000, 0x0000000087900000| Untracked 
|  98|0x0000000087a00000, 0x0000000087a00000, 0x0000000087b00000|  0%| F|  |TAMS 0x0000000087a00000, 0x0000000087a00000| Untracked 
|  99|0x0000000087b00000, 0x0000000087b00000, 0x0000000087c00000|  0%| F|  |TAMS 0x0000000087b00000, 0x0000000087b00000| Untracked 
| 100|0x0000000087c00000, 0x0000000087c00000, 0x0000000087d00000|  0%| F|  |TAMS 0x0000000087c00000, 0x0000000087c00000| Untracked 
| 101|0x0000000087d00000, 0x0000000087d00000, 0x0000000087e00000|  0%| F|  |TAMS 0x0000000087d00000, 0x0000000087d00000| Untracked 
| 102|0x0000000087e00000, 0x0000000087e00000, 0x0000000087f00000|  0%| F|  |TAMS 0x0000000087e00000, 0x0000000087e00000| Untracked 
| 103|0x0000000087f00000, 0x0000000087f00000, 0x0000000088000000|  0%| F|  |TAMS 0x0000000087f00000, 0x0000000087f00000| Untracked 
| 104|0x0000000088000000, 0x0000000088000000, 0x0000000088100000|  0%| F|  |TAMS 0x0000000088000000, 0x0000000088000000| Untracked 
| 105|0x0000000088100000, 0x0000000088100000, 0x0000000088200000|  0%| F|  |TAMS 0x0000000088100000, 0x0000000088100000| Untracked 
| 106|0x0000000088200000, 0x0000000088200000, 0x0000000088300000|  0%| F|  |TAMS 0x0000000088200000, 0x0000000088200000| Untracked 
| 107|0x0000000088300000, 0x0000000088300000, 0x0000000088400000|  0%| F|  |TAMS 0x0000000088300000, 0x0000000088300000| Untracked 
| 108|0x0000000088400000, 0x0000000088400000, 0x0000000088500000|  0%| F|  |TAMS 0x0000000088400000, 0x0000000088400000| Untracked 
| 109|0x0000000088500000, 0x0000000088500000, 0x0000000088600000|  0%| F|  |TAMS 0x0000000088500000, 0x0000000088500000| Untracked 
| 110|0x0000000088600000, 0x0000000088600000, 0x0000000088700000|  0%| F|  |TAMS 0x0000000088600000, 0x0000000088600000| Untracked 
| 111|0x0000000088700000, 0x0000000088700000, 0x0000000088800000|  0%| F|  |TAMS 0x0000000088700000, 0x0000000088700000| Untracked 
| 112|0x0000000088800000, 0x0000000088800000, 0x0000000088900000|  0%| F|  |TAMS 0x0000000088800000, 0x0000000088800000| Untracked 
| 113|0x0000000088900000, 0x0000000088900000, 0x0000000088a00000|  0%| F|  |TAMS 0x0000000088900000, 0x0000000088900000| Untracked 
| 114|0x0000000088a00000, 0x0000000088a00000, 0x0000000088b00000|  0%| F|  |TAMS 0x0000000088a00000, 0x0000000088a00000| Untracked 
| 115|0x0000000088b00000, 0x0000000088b00000, 0x0000000088c00000|  0%| F|  |TAMS 0x0000000088b00000, 0x0000000088b00000| Untracked 
| 116|0x0000000088c00000, 0x0000000088c00000, 0x0000000088d00000|  0%| F|  |TAMS 0x0000000088c00000, 0x0000000088c00000| Untracked 
| 117|0x0000000088d00000, 0x0000000088d00000, 0x0000000088e00000|  0%| F|  |TAMS 0x0000000088d00000, 0x0000000088d00000| Untracked 
| 118|0x0000000088e00000, 0x0000000088e00000, 0x0000000088f00000|  0%| F|  |TAMS 0x0000000088e00000, 0x0000000088e00000| Untracked 
| 119|0x0000000088f00000, 0x0000000088f00000, 0x0000000089000000|  0%| F|  |TAMS 0x0000000088f00000, 0x0000000088f00000| Untracked 
| 120|0x0000000089000000, 0x0000000089000000, 0x0000000089100000|  0%| F|  |TAMS 0x0000000089000000, 0x0000000089000000| Untracked 
| 121|0x0000000089100000, 0x0000000089100000, 0x0000000089200000|  0%| F|  |TAMS 0x0000000089100000, 0x0000000089100000| Untracked 
| 122|0x0000000089200000, 0x0000000089200000, 0x0000000089300000|  0%| F|  |TAMS 0x0000000089200000, 0x0000000089200000| Untracked 
| 123|0x0000000089300000, 0x0000000089300000, 0x0000000089400000|  0%| F|  |TAMS 0x0000000089300000, 0x0000000089300000| Untracked 
| 124|0x0000000089400000, 0x0000000089400000, 0x0000000089500000|  0%| F|  |TAMS 0x0000000089400000, 0x0000000089400000| Untracked 
| 125|0x0000000089500000, 0x0000000089500000, 0x0000000089600000|  0%| F|  |TAMS 0x0000000089500000, 0x0000000089500000| Untracked 
| 126|0x0000000089600000, 0x0000000089600000, 0x0000000089700000|  0%| F|  |TAMS 0x0000000089600000, 0x0000000089600000| Untracked 
| 127|0x0000000089700000, 0x0000000089700000, 0x0000000089800000|  0%| F|  |TAMS 0x0000000089700000, 0x0000000089700000| Untracked 

Card table byte_map: [0x000001f76bc20000,0x000001f76c020000] _byte_map_base: 0x000001f76b814000

Marking Bits (Prev, Next): (CMBitMap*) 0x000001f7593a3cf0, (CMBitMap*) 0x000001f7593a3d30
 Prev Bits: [0x000001f76c420000, 0x000001f76e3c0000)
 Next Bits: [0x000001f76e3c0000, 0x000001f770360000)

Polling page: 0x000001f757260000

Metaspace:

Usage:
  Non-class:     67.28 MB used.
      Class:      8.57 MB used.
       Both:     75.85 MB used.

Virtual space:
  Non-class space:      128.00 MB reserved,      67.44 MB ( 53%) committed,  2 nodes.
      Class space:        1.00 GB reserved,       8.75 MB ( <1%) committed,  1 nodes.
             Both:        1.12 GB reserved,      76.19 MB (  7%) committed. 

Chunk freelists:
   Non-Class:  11.64 MB
       Class:  7.23 MB
        Both:  18.88 MB

MaxMetaspaceSize: unlimited
CompressedClassSpaceSize: 1.00 GB
Initial GC threshold: 21.00 MB
Current GC threshold: 112.31 MB
CDS: off
MetaspaceReclaimPolicy: balanced
 - commit_granule_bytes: 65536.
 - commit_granule_words: 8192.
 - virtual_space_node_default_size: 8388608.
 - enlarge_chunks_in_place: 1.
 - new_chunks_are_fully_committed: 0.
 - uncommit_free_chunks: 1.
 - use_allocation_guard: 0.
 - handle_deallocations: 1.


Internal statistics:

num_allocs_failed_limit: 9.
num_arena_births: 436.
num_arena_deaths: 0.
num_vsnodes_births: 3.
num_vsnodes_deaths: 0.
num_space_committed: 1217.
num_space_uncommitted: 0.
num_chunks_returned_to_freelist: 9.
num_chunks_taken_from_freelist: 2923.
num_chunk_merges: 9.
num_chunk_splits: 2327.
num_chunks_enlarged: 1997.
num_inconsistent_stats: 0.

CodeHeap 'non-profiled nmethods': size=120000Kb used=4837Kb max_used=4837Kb free=115162Kb
 bounds [0x000001f7642f0000, 0x000001f7647b0000, 0x000001f76b820000]
CodeHeap 'profiled nmethods': size=120000Kb used=28988Kb max_used=28988Kb free=91011Kb
 bounds [0x000001f75c820000, 0x000001f75e480000, 0x000001f763d50000]
CodeHeap 'non-nmethods': size=5760Kb used=1395Kb max_used=1492Kb free=4364Kb
 bounds [0x000001f763d50000, 0x000001f763fc0000, 0x000001f7642f0000]
 total_blobs=10946 nmethods=10217 adapters=637
 compilation: enabled
              stopped_count=0, restarted_count=0
 full_count=0

Compilation events (20 events):
Event: 12.079 Thread 0x000001f772a08a20 nmethod 11785 0x000001f7647a8990 code [0x000001f7647a8b20, 0x000001f7647a8bf8]
Event: 12.079 Thread 0x000001f772a08a20 11786       1       org.jetbrains.kotlin.backend.common.phaser.PhaseConfig::getCheckConditions (5 bytes)
Event: 12.079 Thread 0x000001f772a08a20 nmethod 11786 0x000001f7647a8c90 code [0x000001f7647a8e20, 0x000001f7647a8ef8]
Event: 12.079 Thread 0x000001f772a08a20 11793       3       org.jetbrains.kotlin.ir.visitors.IrElementTransformerVoid::visitThrow (10 bytes)
Event: 12.080 Thread 0x000001f772a08a20 nmethod 11793 0x000001f75e469190 code [0x000001f75e4693c0, 0x000001f75e469b88]
Event: 12.080 Thread 0x000001f772a08a20 11794       3       org.jetbrains.kotlin.ir.visitors.IrElementTransformerVoid::visitThrow (13 bytes)
Event: 12.080 Thread 0x000001f772a07970 11795       4       org.jetbrains.kotlin.ir.visitors.IrElementVisitorVoid$DefaultImpls::visitValueParameter (17 bytes)
Event: 12.080 Thread 0x000001f772a08a20 nmethod 11794 0x000001f75e469e10 code [0x000001f75e46a020, 0x000001f75e46a688]
Event: 12.080 Thread 0x000001f772a08a20 11796       3       org.jetbrains.kotlin.ir.visitors.IrElementVisitorVoid$DefaultImpls::visitElseBranch (18 bytes)
Event: 12.080 Thread 0x000001f772a07970 nmethod 11795 0x000001f7647a8f90 code [0x000001f7647a9100, 0x000001f7647a9198]
Event: 12.081 Thread 0x000001f772a08a20 nmethod 11796 0x000001f75e46a910 code [0x000001f75e46ab20, 0x000001f75e46b168]
Event: 12.081 Thread 0x000001f772a08a20 11797       3       org.jetbrains.kotlin.backend.common.ClassLoweringVisitor::visitContainerExpression (6 bytes)
Event: 12.081 Thread 0x000001f772a08a20 nmethod 11797 0x000001f75e46b410 code [0x000001f75e46b720, 0x000001f75e46c5a8]
Event: 12.082 Thread 0x000001f772a08a20 11798       3       org.jetbrains.kotlin.ir.declarations.IrClass::acceptChildren (149 bytes)
Event: 12.082 Thread 0x000001f772a07970 11799       4       org.jetbrains.kotlin.ir.visitors.IrElementVisitorVoid$DefaultImpls::visitSimpleFunction (14 bytes)
Event: 12.082 Thread 0x000001f772a07970 nmethod 11799 0x000001f7647a9290 code [0x000001f7647a9400, 0x000001f7647a9498]
Event: 12.083 Thread 0x000001f772a08a20 nmethod 11798 0x000001f75e46cb10 code [0x000001f75e46cf40, 0x000001f75e46ee98]
Event: 12.083 Thread 0x000001f772a08a20 11800       3       org.jetbrains.kotlin.backend.common.ClassLoweringVisitor::visitBlock (13 bytes)
Event: 12.084 Thread 0x000001f772a08a20 nmethod 11800 0x000001f75e46f810 code [0x000001f75e46fb00, 0x000001f75e4708d8]
Event: 12.084 Thread 0x000001f772a08a20 11801       3       org.jetbrains.kotlin.backend.common.ClassLoweringVisitor::visitBlock (7 bytes)

GC Heap History (20 events):
Event: 4.455 GC heap after
{Heap after GC invocations=15 (full 0):
 garbage-first heap   total 102400K, used 38527K [0x0000000081800000, 0x0000000100000000)
  region size 1024K, 7 young (7168K), 7 survivors (7168K)
 Metaspace       used 52575K, committed 52928K, reserved 1114112K
  class space    used 6305K, committed 6464K, reserved 1048576K
}
Event: 5.163 GC heap before
{Heap before GC invocations=15 (full 0):
 garbage-first heap   total 102400K, used 73343K [0x0000000081800000, 0x0000000100000000)
  region size 1024K, 41 young (41984K), 7 survivors (7168K)
 Metaspace       used 54104K, committed 54400K, reserved 1114112K
  class space    used 6377K, committed 6528K, reserved 1048576K
}
Event: 5.181 GC heap after
{Heap after GC invocations=16 (full 0):
 garbage-first heap   total 102400K, used 43980K [0x0000000081800000, 0x0000000100000000)
  region size 1024K, 6 young (6144K), 6 survivors (6144K)
 Metaspace       used 54104K, committed 54400K, reserved 1114112K
  class space    used 6377K, committed 6528K, reserved 1048576K
}
Event: 5.663 GC heap before
{Heap before GC invocations=16 (full 0):
 garbage-first heap   total 102400K, used 75724K [0x0000000081800000, 0x0000000100000000)
  region size 1024K, 37 young (37888K), 6 survivors (6144K)
 Metaspace       used 55752K, committed 56000K, reserved 1114112K
  class space    used 6554K, committed 6656K, reserved 1048576K
}
Event: 5.682 GC heap after
{Heap after GC invocations=17 (full 0):
 garbage-first heap   total 102400K, used 48374K [0x0000000081800000, 0x0000000100000000)
  region size 1024K, 5 young (5120K), 5 survivors (5120K)
 Metaspace       used 55752K, committed 56000K, reserved 1114112K
  class space    used 6554K, committed 6656K, reserved 1048576K
}
Event: 6.101 GC heap before
{Heap before GC invocations=17 (full 0):
 garbage-first heap   total 102400K, used 78070K [0x0000000081800000, 0x0000000100000000)
  region size 1024K, 34 young (34816K), 5 survivors (5120K)
 Metaspace       used 57258K, committed 57536K, reserved 1114112K
  class space    used 6711K, committed 6848K, reserved 1048576K
}
Event: 6.116 GC heap after
{Heap after GC invocations=18 (full 0):
 garbage-first heap   total 102400K, used 52308K [0x0000000081800000, 0x0000000100000000)
  region size 1024K, 4 young (4096K), 4 survivors (4096K)
 Metaspace       used 57258K, committed 57536K, reserved 1114112K
  class space    used 6711K, committed 6848K, reserved 1048576K
}
Event: 6.530 GC heap before
{Heap before GC invocations=18 (full 0):
 garbage-first heap   total 102400K, used 64596K [0x0000000081800000, 0x0000000100000000)
  region size 1024K, 17 young (17408K), 4 survivors (4096K)
 Metaspace       used 58472K, committed 58752K, reserved 1114112K
  class space    used 6832K, committed 6976K, reserved 1048576K
}
Event: 6.540 GC heap after
{Heap after GC invocations=19 (full 0):
 garbage-first heap   total 128000K, used 54718K [0x0000000081800000, 0x0000000100000000)
  region size 1024K, 3 young (3072K), 3 survivors (3072K)
 Metaspace       used 58472K, committed 58752K, reserved 1114112K
  class space    used 6832K, committed 6976K, reserved 1048576K
}
Event: 7.770 GC heap before
{Heap before GC invocations=19 (full 0):
 garbage-first heap   total 128000K, used 96702K [0x0000000081800000, 0x0000000100000000)
  region size 1024K, 43 young (44032K), 3 survivors (3072K)
 Metaspace       used 60695K, committed 61056K, reserved 1114112K
  class space    used 7001K, committed 7168K, reserved 1048576K
}
Event: 7.784 GC heap after
{Heap after GC invocations=20 (full 0):
 garbage-first heap   total 128000K, used 59593K [0x0000000081800000, 0x0000000100000000)
  region size 1024K, 6 young (6144K), 6 survivors (6144K)
 Metaspace       used 60695K, committed 61056K, reserved 1114112K
  class space    used 7001K, committed 7168K, reserved 1048576K
}
Event: 9.334 GC heap before
{Heap before GC invocations=20 (full 0):
 garbage-first heap   total 128000K, used 98505K [0x0000000081800000, 0x0000000100000000)
  region size 1024K, 44 young (45056K), 6 survivors (6144K)
 Metaspace       used 62033K, committed 62336K, reserved 1114112K
  class space    used 7035K, committed 7168K, reserved 1048576K
}
Event: 9.348 GC heap after
{Heap after GC invocations=21 (full 0):
 garbage-first heap   total 128000K, used 63339K [0x0000000081800000, 0x0000000100000000)
  region size 1024K, 4 young (4096K), 4 survivors (4096K)
 Metaspace       used 62033K, committed 62336K, reserved 1114112K
  class space    used 7035K, committed 7168K, reserved 1048576K
}
Event: 10.148 GC heap before
{Heap before GC invocations=21 (full 0):
 garbage-first heap   total 128000K, used 99179K [0x0000000081800000, 0x0000000100000000)
  region size 1024K, 39 young (39936K), 4 survivors (4096K)
 Metaspace       used 68583K, committed 68864K, reserved 1114112K
  class space    used 7719K, committed 7872K, reserved 1048576K
}
Event: 10.159 GC heap after
{Heap after GC invocations=22 (full 0):
 garbage-first heap   total 128000K, used 66387K [0x0000000081800000, 0x0000000100000000)
  region size 1024K, 3 young (3072K), 3 survivors (3072K)
 Metaspace       used 68583K, committed 68864K, reserved 1114112K
  class space    used 7719K, committed 7872K, reserved 1048576K
}
Event: 11.295 GC heap before
{Heap before GC invocations=23 (full 0):
 garbage-first heap   total 128000K, used 100179K [0x0000000081800000, 0x0000000100000000)
  region size 1024K, 37 young (37888K), 3 survivors (3072K)
 Metaspace       used 71585K, committed 71936K, reserved 1114112K
  class space    used 8053K, committed 8192K, reserved 1048576K
}
Event: 11.312 GC heap after
{Heap after GC invocations=24 (full 0):
 garbage-first heap   total 128000K, used 70902K [0x0000000081800000, 0x0000000100000000)
  region size 1024K, 5 young (5120K), 5 survivors (5120K)
 Metaspace       used 71585K, committed 71936K, reserved 1114112K
  class space    used 8053K, committed 8192K, reserved 1048576K
}
Event: 11.331 GC heap before
{Heap before GC invocations=24 (full 0):
 garbage-first heap   total 128000K, used 71926K [0x0000000081800000, 0x0000000100000000)
  region size 1024K, 6 young (6144K), 5 survivors (5120K)
 Metaspace       used 71589K, committed 71936K, reserved 1114112K
  class space    used 8053K, committed 8192K, reserved 1048576K
}
Event: 11.344 GC heap after
{Heap after GC invocations=25 (full 0):
 garbage-first heap   total 128000K, used 71786K [0x0000000081800000, 0x0000000100000000)
  region size 1024K, 1 young (1024K), 1 survivors (1024K)
 Metaspace       used 71589K, committed 71936K, reserved 1114112K
  class space    used 8053K, committed 8192K, reserved 1048576K
}
Event: 12.084 GC heap before
{Heap before GC invocations=25 (full 0):
 garbage-first heap   total 128000K, used 102506K [0x0000000081800000, 0x0000000100000000)
  region size 1024K, 31 young (31744K), 1 survivors (1024K)
 Metaspace       used 77668K, committed 78016K, reserved 1179648K
  class space    used 8778K, committed 8960K, reserved 1048576K
}

Dll operation events (2 events):
Event: 0.010 Loaded shared library C:\Program Files\Android\Android Studio\jbr\bin\java.dll
Event: 1.321 Loaded shared library C:\Program Files\Android\Android Studio\jbr\bin\verify.dll

Deoptimization events (20 events):
Event: 11.293 Thread 0x000001f759347c70 DEOPT PACKING pc=0x000001f76444f0c4 sp=0x00000023f08fbb90
Event: 11.293 Thread 0x000001f759347c70 DEOPT UNPACKING pc=0x000001f763da69a3 sp=0x00000023f08fba60 mode 2
Event: 11.293 Thread 0x000001f759347c70 Uncommon trap: trap_request=0xffffffde fr.pc=0x000001f76444f0c4 relative=0x0000000000000884
Event: 11.293 Thread 0x000001f759347c70 Uncommon trap: reason=class_check action=maybe_recompile pc=0x000001f76444f0c4 method=org.jetbrains.kotlin.types.TypeWithEnhancementKt.inheritEnhancement(Lorg/jetbrains/kotlin/types/UnwrappedType;Lorg/jetbrains/kotlin/types/KotlinType;Lkotlin/jvm/function
Event: 11.293 Thread 0x000001f759347c70 DEOPT PACKING pc=0x000001f76444f0c4 sp=0x00000023f08fbb90
Event: 11.293 Thread 0x000001f759347c70 DEOPT UNPACKING pc=0x000001f763da69a3 sp=0x00000023f08fba60 mode 2
Event: 11.293 Thread 0x000001f759347c70 Uncommon trap: trap_request=0xffffffde fr.pc=0x000001f76444f0c4 relative=0x0000000000000884
Event: 11.293 Thread 0x000001f759347c70 Uncommon trap: reason=class_check action=maybe_recompile pc=0x000001f76444f0c4 method=org.jetbrains.kotlin.types.TypeWithEnhancementKt.inheritEnhancement(Lorg/jetbrains/kotlin/types/UnwrappedType;Lorg/jetbrains/kotlin/types/KotlinType;Lkotlin/jvm/function
Event: 11.293 Thread 0x000001f759347c70 DEOPT PACKING pc=0x000001f76444f0c4 sp=0x00000023f08fbb90
Event: 11.293 Thread 0x000001f759347c70 DEOPT UNPACKING pc=0x000001f763da69a3 sp=0x00000023f08fba60 mode 2
Event: 11.294 Thread 0x000001f759347c70 Uncommon trap: trap_request=0xffffffde fr.pc=0x000001f764690524 relative=0x0000000000000864
Event: 11.294 Thread 0x000001f759347c70 Uncommon trap: reason=class_check action=maybe_recompile pc=0x000001f764690524 method=org.jetbrains.kotlin.types.TypeWithEnhancementKt.inheritEnhancement(Lorg/jetbrains/kotlin/types/UnwrappedType;Lorg/jetbrains/kotlin/types/KotlinType;Lkotlin/jvm/function
Event: 11.294 Thread 0x000001f759347c70 DEOPT PACKING pc=0x000001f764690524 sp=0x00000023f08fbba0
Event: 11.294 Thread 0x000001f759347c70 DEOPT UNPACKING pc=0x000001f763da69a3 sp=0x00000023f08fbae8 mode 2
Event: 11.325 Thread 0x000001f759347c70 Uncommon trap: trap_request=0xffffffc6 fr.pc=0x000001f764749384 relative=0x00000000000008a4
Event: 11.325 Thread 0x000001f759347c70 Uncommon trap: reason=bimorphic_or_optimized_type_check action=maybe_recompile pc=0x000001f764749384 method=org.jetbrains.kotlin.descriptors.impl.FunctionDescriptorImpl.getOriginal()Lorg/jetbrains/kotlin/descriptors/FunctionDescriptor; @ 16 c2
Event: 11.325 Thread 0x000001f759347c70 DEOPT PACKING pc=0x000001f764749384 sp=0x00000023f08fc710
Event: 11.325 Thread 0x000001f759347c70 DEOPT UNPACKING pc=0x000001f763da69a3 sp=0x00000023f08fc518 mode 2
Event: 11.361 Thread 0x000001f759347c70 DEOPT PACKING pc=0x000001f75e2748ca sp=0x00000023f08fbff0
Event: 11.361 Thread 0x000001f759347c70 DEOPT UNPACKING pc=0x000001f763da7143 sp=0x00000023f08fb498 mode 0

Classes unloaded (0 events):
No events

Classes redefined (0 events):
No events

Internal exceptions (20 events):
Event: 5.403 Thread 0x000001f759347c70 Implicit null exception at 0x000001f76433b30c to 0x000001f76433b538
Event: 5.403 Thread 0x000001f759347c70 Implicit null exception at 0x000001f76434838f to 0x000001f764348409
Event: 5.564 Thread 0x000001f759347c70 Exception <a 'java/lang/NoSuchMethodError'{0x00000000868beb58}: 'int java.lang.invoke.DirectMethodHandle$Holder.invokeStaticInit(java.lang.Object, int)'> (0x00000000868beb58) 
thrown [s\src\hotspot\share\interpreter\linkResolver.cpp, line 771]
Event: 5.584 Thread 0x000001f759347c70 Exception <a 'java/lang/NoSuchMethodError'{0x00000000867b1a00}: 'java.lang.Object java.lang.invoke.DirectMethodHandle$Holder.newInvokeSpecial(java.lang.Object, java.lang.Object, java.lang.Object, java.lang.Object, java.lang.Object, java.lang.Object)'> (0x00000000867b1a00) 
thrown [s\src\hotspot\share\interpreter\linkResolver.cpp, line 771]
Event: 5.922 Thread 0x000001f759347c70 Implicit null exception at 0x000001f76450e88b to 0x000001f76450eaa0
Event: 6.167 Thread 0x000001f759347c70 Implicit null exception at 0x000001f76440d920 to 0x000001f76440daa4
Event: 6.167 Thread 0x000001f759347c70 Implicit null exception at 0x000001f764356760 to 0x000001f7643567fa
Event: 6.242 Thread 0x000001f759347c70 Exception <a 'java/lang/NoSuchMethodError'{0x00000000876947b8}: 'java.lang.Object java.lang.invoke.DirectMethodHandle$Holder.invokeStatic(java.lang.Object, int, java.lang.Object)'> (0x00000000876947b8) 
thrown [s\src\hotspot\share\interpreter\linkResolver.cpp, line 771]
Event: 6.250 Thread 0x000001f759347c70 Exception <a 'java/lang/NoSuchMethodError'{0x00000000876d2bb0}: 'java.lang.Object java.lang.invoke.DirectMethodHandle$Holder.newInvokeSpecial(java.lang.Object, int, java.lang.Object, java.lang.Object)'> (0x00000000876d2bb0) 
thrown [s\src\hotspot\share\interpreter\linkResolver.cpp, line 771]
Event: 6.314 Thread 0x000001f759347c70 Exception <a 'java/lang/NoSuchMethodError'{0x00000000874791f0}: 'java.lang.Object java.lang.invoke.DirectMethodHandle$Holder.invokeInterface(java.lang.Object, java.lang.Object, java.lang.Object)'> (0x00000000874791f0) 
thrown [s\src\hotspot\share\interpreter\linkResolver.cpp, line 771]
Event: 6.314 Thread 0x000001f759347c70 Exception <a 'java/lang/IncompatibleClassChangeError'{0x000000008747cb60}: Found class java.lang.Object, but interface was expected> (0x000000008747cb60) 
thrown [s\src\hotspot\share\interpreter\linkResolver.cpp, line 838]
Event: 6.849 Thread 0x000001f759347c70 Exception <a 'java/lang/NoSuchMethodError'{0x000000008898fe38}: 'java.lang.Object java.lang.invoke.DirectMethodHandle$Holder.newInvokeSpecial(java.lang.Object, java.lang.Object, java.lang.Object, java.lang.Object, java.lang.Object, java.lang.Object, java.lang.Object)'> (0x000000008898fe38) 
thrown [s\src\hotspot\share\interpreter\linkResolver.cpp, line 771]
Event: 6.849 Thread 0x000001f759347c70 Exception <a 'java/lang/NoSuchMethodError'{0x0000000088994c98}: 'java.lang.Object java.lang.invoke.Invokers$Holder.linkToTargetMethod(java.lang.Object, java.lang.Object, java.lang.Object, java.lang.Object, java.lang.Object, java.lang.Object, java.lang.Object)'> (0x0000000088994c98) 
thrown [s\src\hotspot\share\interpreter\linkResolver.cpp, line 771]
Event: 9.109 Thread 0x000001f759347c70 Exception <a 'java/lang/NoSuchMethodError'{0x0000000087977b08}: 'void java.lang.invoke.DirectMethodHandle$Holder.invokeStatic(java.lang.Object, java.lang.Object, java.lang.Object)'> (0x0000000087977b08) 
thrown [s\src\hotspot\share\interpreter\linkResolver.cpp, line 771]
Event: 9.519 Thread 0x000001f759347c70 Implicit null exception at 0x000001f76438b88c to 0x000001f76438bab4
Event: 9.755 Thread 0x000001f759347c70 Exception <a 'java/lang/NoSuchMethodError'{0x000000008846a200}: 'java.lang.Object java.lang.invoke.DirectMethodHandle$Holder.invokeStaticInit(java.lang.Object, java.lang.Object, java.lang.Object, java.lang.Object)'> (0x000000008846a200) 
thrown [s\src\hotspot\share\interpreter\linkResolver.cpp, line 771]
Event: 9.995 Thread 0x000001f759347c70 Implicit null exception at 0x000001f76435c996 to 0x000001f76435cc04
Event: 10.142 Thread 0x000001f759347c70 Exception <a 'java/lang/NoSuchMethodError'{0x00000000872df378}: 'java.lang.Object java.lang.invoke.DirectMethodHandle$Holder.newInvokeSpecial(java.lang.Object, java.lang.Object, java.lang.Object, int, int)'> (0x00000000872df378) 
thrown [s\src\hotspot\share\interpreter\linkResolver.cpp, line 771]
Event: 10.143 Thread 0x000001f759347c70 Exception <a 'java/lang/NoSuchMethodError'{0x00000000872e31b8}: 'java.lang.Object java.lang.invoke.DirectMethodHandle$Holder.invokeSpecial(java.lang.Object, java.lang.Object, java.lang.Object, java.lang.Object, int, int)'> (0x00000000872e31b8) 
thrown [s\src\hotspot\share\interpreter\linkResolver.cpp, line 771]
Event: 10.546 Thread 0x000001f759347c70 Exception <a 'java/lang/NoSuchMethodError'{0x0000000088eee030}: 'java.lang.Object java.lang.invoke.DirectMethodHandle$Holder.invokeSpecial(java.lang.Object, java.lang.Object, int, int, java.lang.Object, java.lang.Object, java.lang.Object, java.lang.Object, java.lang.Object)'> (0x0000000088eee030) 
thrown [s\src\hotspot\share\interpreter\linkResolver.cpp, line 771]

VM Operations (20 events):
Event: 11.344 Executing VM operation: G1CollectForAllocation done
Event: 11.561 Executing VM operation: ICBufferFull
Event: 11.561 Executing VM operation: ICBufferFull done
Event: 11.605 Executing VM operation: HandshakeAllThreads
Event: 11.605 Executing VM operation: HandshakeAllThreads done
Event: 11.706 Executing VM operation: HandshakeAllThreads
Event: 11.706 Executing VM operation: HandshakeAllThreads done
Event: 11.725 Executing VM operation: HandshakeAllThreads
Event: 11.725 Executing VM operation: HandshakeAllThreads done
Event: 11.803 Executing VM operation: HandshakeAllThreads
Event: 11.803 Executing VM operation: HandshakeAllThreads done
Event: 11.810 Executing VM operation: HandshakeAllThreads
Event: 11.810 Executing VM operation: HandshakeAllThreads done
Event: 11.826 Executing VM operation: ICBufferFull
Event: 11.827 Executing VM operation: ICBufferFull done
Event: 11.885 Executing VM operation: HandshakeAllThreads
Event: 11.885 Executing VM operation: HandshakeAllThreads done
Event: 12.058 Executing VM operation: ICBufferFull
Event: 12.058 Executing VM operation: ICBufferFull done
Event: 12.084 Executing VM operation: G1CollectForAllocation

Events (20 events):
Event: 10.376 Thread 0x000001f772a0d3c0 flushing nmethod 0x000001f75dd03e90
Event: 10.376 Thread 0x000001f772a0d3c0 flushing nmethod 0x000001f75dd0a790
Event: 10.377 Thread 0x000001f772a0d3c0 flushing nmethod 0x000001f75dda2b10
Event: 10.377 Thread 0x000001f772a0d3c0 flushing nmethod 0x000001f75ddc6410
Event: 10.377 Thread 0x000001f772a0d3c0 flushing nmethod 0x000001f75de62e90
Event: 10.377 Thread 0x000001f772a0d3c0 flushing nmethod 0x000001f75de70890
Event: 10.378 Thread 0x000001f772a0d3c0 flushing nmethod 0x000001f75defca90
Event: 10.378 Thread 0x000001f772a0d3c0 flushing nmethod 0x000001f75df1aa10
Event: 10.378 Thread 0x000001f772a0d3c0 flushing nmethod 0x000001f75df20d10
Event: 10.378 Thread 0x000001f772a0d3c0 flushing nmethod 0x000001f75df74090
Event: 10.378 Thread 0x000001f772a0d3c0 flushing nmethod 0x000001f75e02db10
Event: 10.378 Thread 0x000001f772a0d3c0 flushing nmethod 0x000001f75e02f590
Event: 10.379 Thread 0x000001f772a0d3c0 flushing nmethod 0x000001f75e127510
Event: 11.580 loading class java/lang/invoke/BoundMethodHandle$Species_LLLLLLLLLL
Event: 11.580 loading class java/lang/invoke/BoundMethodHandle$Species_LLLLLLLLLL done
Event: 11.582 loading class java/lang/invoke/BoundMethodHandle$Species_LLLLLLLLLLL
Event: 11.582 loading class java/lang/invoke/BoundMethodHandle$Species_LLLLLLLLLLL done
Event: 11.820 Thread 0x000001f772a0d3c0 flushing nmethod 0x000001f75cfbd390
Event: 11.821 Thread 0x000001f772a0d3c0 flushing nmethod 0x000001f75d149110
Event: 11.821 Thread 0x000001f772a0d3c0 flushing nmethod 0x000001f75d1c0810


Dynamic libraries:
0x00007ff792310000 - 0x00007ff79231a000 	C:\Program Files\Android\Android Studio\jbr\bin\java.exe
0x00007fff81230000 - 0x00007fff81447000 	C:\Windows\SYSTEM32\ntdll.dll
0x00007fff80200000 - 0x00007fff802c4000 	C:\Windows\System32\KERNEL32.DLL
0x00007fff7ea60000 - 0x00007fff7ee07000 	C:\Windows\System32\KERNELBASE.dll
0x00007fff7e940000 - 0x00007fff7ea51000 	C:\Windows\System32\ucrtbase.dll
0x00007fff65370000 - 0x00007fff65387000 	C:\Program Files\Android\Android Studio\jbr\bin\jli.dll
0x00007fff771d0000 - 0x00007fff771eb000 	C:\Program Files\Android\Android Studio\jbr\bin\VCRUNTIME140.dll
0x00007fff80d50000 - 0x00007fff80efe000 	C:\Windows\System32\USER32.dll
0x00007fff7e780000 - 0x00007fff7e7a6000 	C:\Windows\System32\win32u.dll
0x00007fff80d20000 - 0x00007fff80d49000 	C:\Windows\System32\GDI32.dll
0x00007fff7ee10000 - 0x00007fff7ef29000 	C:\Windows\System32\gdi32full.dll
0x00007fff7e8a0000 - 0x00007fff7e93a000 	C:\Windows\System32\msvcp_win.dll
0x00007fff67610000 - 0x00007fff678a3000 	C:\Windows\WinSxS\amd64_microsoft.windows.common-controls_6595b64144ccf1df_6.0.22621.3527_none_270e469b73872a76\COMCTL32.dll
0x00007fff7ef60000 - 0x00007fff7f007000 	C:\Windows\System32\msvcrt.dll
0x00007fff7f010000 - 0x00007fff7f041000 	C:\Windows\System32\IMM32.DLL
0x00007fff78b40000 - 0x00007fff78b4c000 	C:\Program Files\Android\Android Studio\jbr\bin\vcruntime140_1.dll
0x00007fff6bae0000 - 0x00007fff6bb6d000 	C:\Program Files\Android\Android Studio\jbr\bin\msvcp140.dll
0x00007fff2f7b0000 - 0x00007fff30433000 	C:\Program Files\Android\Android Studio\jbr\bin\server\jvm.dll
0x00007fff806e0000 - 0x00007fff80792000 	C:\Windows\System32\ADVAPI32.dll
0x00007fff81140000 - 0x00007fff811e8000 	C:\Windows\System32\sechost.dll
0x00007fff7ef30000 - 0x00007fff7ef58000 	C:\Windows\System32\bcrypt.dll
0x00007fff7f6a0000 - 0x00007fff7f7b5000 	C:\Windows\System32\RPCRT4.dll
0x00007fff7d3d0000 - 0x00007fff7d41d000 	C:\Windows\SYSTEM32\POWRPROF.dll
0x00007fff629e0000 - 0x00007fff629e9000 	C:\Windows\SYSTEM32\WSOCK32.dll
0x00007fff76dd0000 - 0x00007fff76e04000 	C:\Windows\SYSTEM32\WINMM.dll
0x00007fff802d0000 - 0x00007fff80341000 	C:\Windows\System32\WS2_32.dll
0x00007fff768b0000 - 0x00007fff768ba000 	C:\Windows\SYSTEM32\VERSION.dll
0x00007fff7d3b0000 - 0x00007fff7d3c3000 	C:\Windows\SYSTEM32\UMPDC.dll
0x00007fff7d600000 - 0x00007fff7d618000 	C:\Windows\SYSTEM32\kernel.appcore.dll
0x00007fff729d0000 - 0x00007fff729da000 	C:\Program Files\Android\Android Studio\jbr\bin\jimage.dll
0x00007fff7bee0000 - 0x00007fff7c112000 	C:\Windows\SYSTEM32\DBGHELP.DLL
0x00007fff80350000 - 0x00007fff806d8000 	C:\Windows\System32\combase.dll
0x00007fff80120000 - 0x00007fff801f7000 	C:\Windows\System32\OLEAUT32.dll
0x00007fff57e60000 - 0x00007fff57e92000 	C:\Windows\SYSTEM32\dbgcore.DLL
0x00007fff7e820000 - 0x00007fff7e899000 	C:\Windows\System32\bcryptPrimitives.dll
0x00007fff65620000 - 0x00007fff65645000 	C:\Program Files\Android\Android Studio\jbr\bin\java.dll
0x00007fff6b9a0000 - 0x00007fff6b9b8000 	C:\Program Files\Android\Android Studio\jbr\bin\zip.dll
0x00007fff7f7e0000 - 0x00007fff8003c000 	C:\Windows\System32\SHELL32.dll
0x00007fff7c4a0000 - 0x00007fff7cd96000 	C:\Windows\SYSTEM32\windows.storage.dll
0x00007fff7c360000 - 0x00007fff7c49e000 	C:\Windows\SYSTEM32\wintypes.dll
0x00007fff7f050000 - 0x00007fff7f145000 	C:\Windows\System32\SHCORE.dll
0x00007fff807a0000 - 0x00007fff807fe000 	C:\Windows\System32\shlwapi.dll
0x00007fff7e480000 - 0x00007fff7e4a1000 	C:\Windows\SYSTEM32\profapi.dll
0x00007fff68a50000 - 0x00007fff68a69000 	C:\Program Files\Android\Android Studio\jbr\bin\net.dll
0x00007fff75d00000 - 0x00007fff75e36000 	C:\Windows\SYSTEM32\WINHTTP.dll
0x00007fff7dad0000 - 0x00007fff7db39000 	C:\Windows\system32\mswsock.dll
0x00007fff65600000 - 0x00007fff65616000 	C:\Program Files\Android\Android Studio\jbr\bin\nio.dll
0x00007fff6a640000 - 0x00007fff6a650000 	C:\Program Files\Android\Android Studio\jbr\bin\verify.dll

dbghelp: loaded successfully - version: 4.0.5 - missing functions: none
symbol engine: initialized successfully - sym options: 0x614 - pdb path: .;C:\Program Files\Android\Android Studio\jbr\bin;C:\Windows\SYSTEM32;C:\Windows\WinSxS\amd64_microsoft.windows.common-controls_6595b64144ccf1df_6.0.22621.3527_none_270e469b73872a76;C:\Program Files\Android\Android Studio\jbr\bin\server

VM Arguments:
java_command: org.jetbrains.kotlin.cli.jvm.K2JVMCompiler @D:\Faizan (BS)\Semester 8\MAD\Calculator-master\app\build\20240524_9756733339075656435.compiler.options
java_class_path (initial): C:\Users\msaqi\.gradle\caches\modules-2\files-2.1\org.jetbrains.kotlin\kotlin-compiler-embeddable\1.8.0\eb9118d4bcceaa2a94b2ae2a33a4ddba7c9a947f\kotlin-compiler-embeddable-1.8.0.jar;C:\Users\msaqi\.gradle\caches\modules-2\files-2.1\org.jetbrains.kotlin\kotlin-stdlib\1.8.0\1796921c7a3e2e2665a83e6c8d33399336cd39bc\kotlin-stdlib-1.8.0.jar;C:\Users\msaqi\.gradle\caches\modules-2\files-2.1\org.jetbrains.kotlin\kotlin-script-runtime\1.8.0\b2f7e760d283cb339974851c222a4c1d48f2d3d\kotlin-script-runtime-1.8.0.jar;C:\Users\msaqi\.gradle\caches\modules-2\files-2.1\org.jetbrains.kotlin\kotlin-reflect\1.6.10\1cbe9c92c12a94eea200d23c2bbaedaf3daf5132\kotlin-reflect-1.6.10.jar;C:\Users\msaqi\.gradle\caches\modules-2\files-2.1\org.jetbrains.kotlin\kotlin-daemon-embeddable\1.8.0\d255216c551685dc3a7e852b53617f5f01aaaa5c\kotlin-daemon-embeddable-1.8.0.jar;C:\Users\msaqi\.gradle\caches\modules-2\files-2.1\org.jetbrains.intellij.deps\trove4j\1.0.20200330\3afb14d5f9ceb459d724e907a21145e8ff394f02\trove4j-1.0.20200330.jar;C:\Users\msaqi\.gradle\caches\modules-2\files-2.1\net.java.dev.jna\jna\5.6.0\330f2244e9030119ab3030fc3fededc86713d9cc\jna-5.6.0.jar;C:\Users\msaqi\.gradle\caches\modules-2\files-2.1\org.jetbrains.kotlin\kotlin-stdlib-common\1.8.0\f7197e7cc76453ac59f8b0f8d5137cc600becd36\kotlin-stdlib-common-1.8.0.jar;C:\Users\msaqi\.gradle\caches\modules-2\files-2.1\org.jetbrains\annotations\13.0\919f0dfe192fb4e063e7dacadee7f8bb9a2672a9\annotations-13.0.jar
Launcher Type: SUN_STANDARD

[Global flags]
     intx CICompilerCount                          = 3                                         {product} {ergonomic}
     uint ConcGCThreads                            = 1                                         {product} {ergonomic}
     uint G1ConcRefinementThreads                  = 4                                         {product} {ergonomic}
   size_t G1HeapRegionSize                         = 1048576                                   {product} {ergonomic}
    uintx GCDrainStackTargetSize                   = 64                                        {product} {ergonomic}
   size_t InitialHeapSize                          = 134217728                                 {product} {ergonomic}
   size_t MarkStackSize                            = 4194304                                   {product} {ergonomic}
   size_t MaxHeapSize                              = 2122317824                                {product} {ergonomic}
   size_t MaxNewSize                               = 1272971264                                {product} {ergonomic}
   size_t MinHeapDeltaBytes                        = 1048576                                   {product} {ergonomic}
   size_t MinHeapSize                              = 8388608                                   {product} {ergonomic}
    uintx NonNMethodCodeHeapSize                   = 5832780                                {pd product} {ergonomic}
    uintx NonProfiledCodeHeapSize                  = 122912730                              {pd product} {ergonomic}
    uintx ProfiledCodeHeapSize                     = 122912730                              {pd product} {ergonomic}
    uintx ReservedCodeCacheSize                    = 251658240                              {pd product} {ergonomic}
     bool SegmentedCodeCache                       = true                                      {product} {ergonomic}
   size_t SoftMaxHeapSize                          = 2122317824                             {manageable} {ergonomic}
     bool UseCompressedClassPointers               = true                           {product lp64_product} {ergonomic}
     bool UseCompressedOops                        = true                           {product lp64_product} {ergonomic}
     bool UseG1GC                                  = true                                      {product} {ergonomic}
     bool UseLargePagesIndividualAllocation        = false                                  {pd product} {ergonomic}

Logging:
Log output configuration:
 #0: stdout all=warning uptime,level,tags
 #1: stderr all=off uptime,level,tags

Environment Variables:
PATH=C:\Windows\system32;C:\Windows;C:\Windows\System32\Wbem;C:\Windows\System32\WindowsPowerShell\v1.0\;C:\Windows\System32\OpenSSH\;C:\Program Files\NVIDIA Corporation\NVIDIA NvDLISR;C:\Program Files (x86)\NVIDIA Corporation\PhysX\Common;C:\Users\msaqi\AppData\Local\Microsoft\WindowsApps;C:\Users\msaqi\AppData\Local\Programs\Microsoft VS Code\bin;C:\flutter\bin;
USERNAME=msaqi
OS=Windows_NT
PROCESSOR_IDENTIFIER=Intel64 Family 6 Model 142 Stepping 9, GenuineIntel
TMP=C:\Users\msaqi\AppData\Local\Temp
TEMP=C:\Users\msaqi\AppData\Local\Temp



Periodic native trim disabled

JNI global refs:
JNI global refs: 9, weak refs: 1

JNI global refs memory usage: 843, weak refs: 841

OOME stack traces (most recent first):
Classloader memory used:
Loader jdk.internal.loader.ClassLoaders$AppClassLoader                                 : 7729K
Loader bootstrap                                                                       : 1672K
Loader java.net.URLClassLoader                                                         : 256K
Loader jdk.internal.loader.ClassLoaders$PlatformClassLoader                            : 34452B
Loader jdk.internal.reflect.DelegatingClassLoader                                      : 16403B


---------------  S Y S T E M  ---------------

OS:
 Windows 11 , 64 bit Build 22621 (10.0.22621.3527)
OS uptime: 6 days 1:15 hours

CPU: total 4 (initial active 4) (2 cores per cpu, 2 threads per core) family 6 model 142 stepping 9 microcode 0xf0, cx8, cmov, fxsr, ht, mmx, 3dnowpref, sse, sse2, sse3, ssse3, sse4.1, sse4.2, popcnt, lzcnt, tsc, tscinvbit, avx, avx2, aes, erms, clmul, bmi1, bmi2, adx, fma, vzeroupper, clflush, clflushopt
Processor Information for processor 0
  Max Mhz: 2901, Current Mhz: 2800, Mhz Limit: 2784
Processor Information for processor 1
  Max Mhz: 2901, Current Mhz: 1500, Mhz Limit: 2784
Processor Information for processor 2
  Max Mhz: 2901, Current Mhz: 1500, Mhz Limit: 2784
Processor Information for processor 3
  Max Mhz: 2901, Current Mhz: 2800, Mhz Limit: 2784

Memory: 4k page, system-wide physical 8089M (981M free)
TotalPageFile size 12185M (AvailPageFile size 78M)
current process WorkingSet (physical memory assigned to process): 331M, peak: 337M
current process commit charge ("private bytes"): 361M, peak: 484M

vm_info: OpenJDK 64-Bit Server VM (17.0.9+0--11185874) for windows-amd64 JRE (17.0.9+0--11185874), built on Dec  6 2023 18:57:44 by "androidbuild" with MS VC++ 16.10 / 16.11 (VS2019)

END.
