#
# There is insufficient memory for the Java Runtime Environment to continue.
# Native memory allocation (malloc) failed to allocate 1718736 bytes for Chunk::new
# Possible reasons:
#   The system is out of physical RAM or swap space
#   The process is running with CompressedOops enabled, and the Java Heap may be blocking the growth of the native heap
# Possible solutions:
#   Reduce memory load on the system
#   Increase physical memory or swap space
#   Check if swap backing store is full
#   Decrease Java heap size (-Xmx/-Xms)
#   Decrease number of Java threads
#   Decrease Java thread stack sizes (-Xss)
#   Set larger code cache with -XX:ReservedCodeCacheSize=
#   JVM is running with Unscaled Compressed Oops mode in which the Java heap is
#     placed in the first 4GB address space. The Java Heap base address is the
#     maximum limit for the native heap growth. Please use -XX:HeapBaseMinAddress
#     to set the Java Heap base and to place the Java Heap above 4GB virtual address.
# This output file may be truncated or incomplete.
#
#  Out of Memory Error (arena.cpp:191), pid=10216, tid=276
#
# JRE version: OpenJDK Runtime Environment (17.0.9) (build 17.0.9+0--11185874)
# Java VM: OpenJDK 64-Bit Server VM (17.0.9+0--11185874, mixed mode, tiered, compressed oops, compressed class ptrs, g1 gc, windows-amd64)
# No core dump will be written. Minidumps are not enabled by default on client versions of Windows
#

---------------  S U M M A R Y ------------

Command Line: org.jetbrains.kotlin.cli.jvm.K2JVMCompiler @D:\Faizan (BS)\Semester 8\MAD\Calculator-master\app\build\20240524_7196728346786053819.compiler.options

Host: Intel(R) Core(TM) i7-7500U CPU @ 2.70GHz, 4 cores, 7G,  Windows 11 , 64 bit Build 22621 (10.0.22621.3527)
Time: Fri May 24 01:02:43 2024 Pakistan Standard Time elapsed time: 12.012713 seconds (0d 0h 0m 12s)

---------------  T H R E A D  ---------------

Current thread (0x00000156d6c61550):  JavaThread "C2 CompilerThread1" daemon [_thread_in_native, id=276, stack(0x00000035dc200000,0x00000035dc300000)]


Current CompileTask:
C2:  12012 11043       4       org.jetbrains.kotlin.cli.jvm.index.JvmDependenciesIndexImpl::search (379 bytes)

Stack: [0x00000035dc200000,0x00000035dc300000]
Native frames: (J=compiled Java code, j=interpreted, Vv=VM code, C=native code)
V  [jvm.dll+0x6886e9]
V  [jvm.dll+0x841e4a]
V  [jvm.dll+0x843a8e]
V  [jvm.dll+0x8440f3]
V  [jvm.dll+0x24c14f]
V  [jvm.dll+0xac44c]
V  [jvm.dll+0xaca9c]
V  [jvm.dll+0x36c1a2]
V  [jvm.dll+0x33651a]
V  [jvm.dll+0x3359ba]
V  [jvm.dll+0x21ddb1]
V  [jvm.dll+0x21d1d1]
V  [jvm.dll+0x1a674d]
V  [jvm.dll+0x22d088]
V  [jvm.dll+0x22b1c0]
V  [jvm.dll+0x7f62f7]
V  [jvm.dll+0x7f06aa]
V  [jvm.dll+0x687565]
C  [ucrtbase.dll+0x29333]
C  [KERNEL32.DLL+0x1257d]
C  [ntdll.dll+0x5aa48]


---------------  P R O C E S S  ---------------

Threads class SMR info:
_java_thread_list=0x00000156dbb8fe50, length=13, elements={
0x00000156bd3a7d10, 0x00000156d68eb260, 0x00000156d68ec0e0, 0x00000156d68d8510,
0x00000156d6a4d8f0, 0x00000156d6a522d0, 0x00000156d6a52c90, 0x00000156d6a68bb0,
0x00000156d6a69660, 0x00000156d6a75870, 0x00000156d6bc6890, 0x00000156d6bdb010,
0x00000156d6c61550
}

Java Threads: ( => current thread )
  0x00000156bd3a7d10 JavaThread "main" [_thread_in_Java, id=12872, stack(0x00000035daf00000,0x00000035db000000)]
  0x00000156d68eb260 JavaThread "Reference Handler" daemon [_thread_blocked, id=10652, stack(0x00000035db600000,0x00000035db700000)]
  0x00000156d68ec0e0 JavaThread "Finalizer" daemon [_thread_blocked, id=9392, stack(0x00000035db700000,0x00000035db800000)]
  0x00000156d68d8510 JavaThread "Signal Dispatcher" daemon [_thread_blocked, id=13104, stack(0x00000035db800000,0x00000035db900000)]
  0x00000156d6a4d8f0 JavaThread "Attach Listener" daemon [_thread_blocked, id=9660, stack(0x00000035db900000,0x00000035dba00000)]
  0x00000156d6a522d0 JavaThread "Service Thread" daemon [_thread_blocked, id=9884, stack(0x00000035dba00000,0x00000035dbb00000)]
  0x00000156d6a52c90 JavaThread "Monitor Deflation Thread" daemon [_thread_blocked, id=11508, stack(0x00000035dbb00000,0x00000035dbc00000)]
  0x00000156d6a68bb0 JavaThread "C2 CompilerThread0" daemon [_thread_in_native, id=14708, stack(0x00000035dbc00000,0x00000035dbd00000)]
  0x00000156d6a69660 JavaThread "C1 CompilerThread0" daemon [_thread_blocked, id=14060, stack(0x00000035dbd00000,0x00000035dbe00000)]
  0x00000156d6a75870 JavaThread "Sweeper thread" daemon [_thread_blocked, id=11216, stack(0x00000035dbe00000,0x00000035dbf00000)]
  0x00000156d6bc6890 JavaThread "Notification Thread" daemon [_thread_blocked, id=4984, stack(0x00000035dbf00000,0x00000035dc000000)]
  0x00000156d6bdb010 JavaThread "Common-Cleaner" daemon [_thread_blocked, id=15156, stack(0x00000035dc100000,0x00000035dc200000)]
=>0x00000156d6c61550 JavaThread "C2 CompilerThread1" daemon [_thread_in_native, id=276, stack(0x00000035dc200000,0x00000035dc300000)]

Other Threads:
  0x00000156d68c7ff0 VMThread "VM Thread" [stack: 0x00000035db500000,0x00000035db600000] [id=5844]
  0x00000156d6bc8d80 WatcherThread [stack: 0x00000035dc000000,0x00000035dc100000] [id=9980]
  0x00000156bd403770 GCTaskThread "GC Thread#0" [stack: 0x00000035db000000,0x00000035db100000] [id=12104]
  0x00000156db24b390 GCTaskThread "GC Thread#1" [stack: 0x00000035dc300000,0x00000035dc400000] [id=13392]
  0x00000156db24b650 GCTaskThread "GC Thread#2" [stack: 0x00000035dc400000,0x00000035dc500000] [id=928]
  0x00000156db2f2890 GCTaskThread "GC Thread#3" [stack: 0x00000035dc500000,0x00000035dc600000] [id=14568]
  0x00000156bd4143c0 ConcurrentGCThread "G1 Main Marker" [stack: 0x00000035db100000,0x00000035db200000] [id=10256]
  0x00000156bd415580 ConcurrentGCThread "G1 Conc#0" [stack: 0x00000035db200000,0x00000035db300000] [id=2096]
  0x00000156bd459c30 ConcurrentGCThread "G1 Refine#0" [stack: 0x00000035db300000,0x00000035db400000] [id=6704]
  0x00000156d6722800 ConcurrentGCThread "G1 Service" [stack: 0x00000035db400000,0x00000035db500000] [id=13640]

Threads with active compile tasks:
C2 CompilerThread0    12036 11186       4       org.jetbrains.kotlin.util.Checks::isApplicable (99 bytes)
C2 CompilerThread1    12036 11043       4       org.jetbrains.kotlin.cli.jvm.index.JvmDependenciesIndexImpl::search (379 bytes)

VM state: not at safepoint (normal execution)

VM Mutex/Monitor currently owned by a thread: None

Heap address: 0x0000000081800000, size: 2024 MB, Compressed Oops mode: 32-bit

CDS archive(s) not mapped
Compressed class space mapped at: 0x0000000100000000-0x0000000140000000, reserved size: 1073741824
Narrow klass base: 0x0000000000000000, Narrow klass shift: 3, Narrow klass range: 0x140000000

GC Precious Log:
 CPUs: 4 total, 4 available
 Memory: 8089M
 Large Page Support: Disabled
 NUMA Support: Disabled
 Compressed Oops: Enabled (32-bit)
 Heap Region Size: 1M
 Heap Min Capacity: 8M
 Heap Initial Capacity: 128M
 Heap Max Capacity: 2024M
 Pre-touch: Disabled
 Parallel Workers: 4
 Concurrent Workers: 1
 Concurrent Refinement Workers: 4
 Periodic GC: Disabled

Heap:
 garbage-first heap   total 241664K, used 120464K [0x0000000081800000, 0x0000000100000000)
  region size 1024K, 64 young (65536K), 5 survivors (5120K)
 Metaspace       used 71690K, committed 72000K, reserved 1114112K
  class space    used 8053K, committed 8192K, reserved 1048576K

Heap Regions: E=young(eden), S=young(survivor), O=old, HS=humongous(starts), HC=humongous(continues), CS=collection set, F=free, OA=open archive, CA=closed archive, TAMS=top-at-mark-start (previous, next)
|   0|0x0000000081800000, 0x0000000081900000, 0x0000000081900000|100%|HS|  |TAMS 0x0000000081900000, 0x0000000081800000| Complete 
|   1|0x0000000081900000, 0x0000000081a00000, 0x0000000081a00000|100%|HC|  |TAMS 0x0000000081a00000, 0x0000000081900000| Complete 
|   2|0x0000000081a00000, 0x0000000081b00000, 0x0000000081b00000|100%|HC|  |TAMS 0x0000000081b00000, 0x0000000081a00000| Complete 
|   3|0x0000000081b00000, 0x0000000081c00000, 0x0000000081c00000|100%|HC|  |TAMS 0x0000000081c00000, 0x0000000081b00000| Complete 
|   4|0x0000000081c00000, 0x0000000081d00000, 0x0000000081d00000|100%| O|  |TAMS 0x0000000081d00000, 0x0000000081c00000| Untracked 
|   5|0x0000000081d00000, 0x0000000081e00000, 0x0000000081e00000|100%| O|  |TAMS 0x0000000081e00000, 0x0000000081d00000| Untracked 
|   6|0x0000000081e00000, 0x0000000081f00000, 0x0000000081f00000|100%| O|  |TAMS 0x0000000081f00000, 0x0000000081e00000| Untracked 
|   7|0x0000000081f00000, 0x0000000082000000, 0x0000000082000000|100%|HS|  |TAMS 0x0000000082000000, 0x0000000081f00000| Complete 
|   8|0x0000000082000000, 0x0000000082100000, 0x0000000082100000|100%|HC|  |TAMS 0x0000000082100000, 0x0000000082000000| Complete 
|   9|0x0000000082100000, 0x0000000082200000, 0x0000000082200000|100%|HC|  |TAMS 0x0000000082200000, 0x0000000082100000| Complete 
|  10|0x0000000082200000, 0x0000000082300000, 0x0000000082300000|100%|HC|  |TAMS 0x0000000082300000, 0x0000000082200000| Complete 
|  11|0x0000000082300000, 0x0000000082400000, 0x0000000082400000|100%| O|  |TAMS 0x0000000082400000, 0x0000000082300000| Untracked 
|  12|0x0000000082400000, 0x0000000082500000, 0x0000000082500000|100%| O|  |TAMS 0x0000000082500000, 0x0000000082400000| Untracked 
|  13|0x0000000082500000, 0x0000000082600000, 0x0000000082600000|100%| O|  |TAMS 0x0000000082600000, 0x0000000082500000| Untracked 
|  14|0x0000000082600000, 0x0000000082700000, 0x0000000082700000|100%| O|  |TAMS 0x0000000082700000, 0x0000000082600000| Untracked 
|  15|0x0000000082700000, 0x0000000082800000, 0x0000000082800000|100%| O|  |TAMS 0x0000000082800000, 0x0000000082700000| Untracked 
|  16|0x0000000082800000, 0x0000000082900000, 0x0000000082900000|100%| O|  |TAMS 0x0000000082900000, 0x0000000082800000| Untracked 
|  17|0x0000000082900000, 0x0000000082a00000, 0x0000000082a00000|100%| O|  |TAMS 0x0000000082a00000, 0x0000000082900000| Untracked 
|  18|0x0000000082a00000, 0x0000000082b00000, 0x0000000082b00000|100%| O|  |TAMS 0x0000000082b00000, 0x0000000082a00000| Untracked 
|  19|0x0000000082b00000, 0x0000000082c00000, 0x0000000082c00000|100%| O|  |TAMS 0x0000000082b00000, 0x0000000082b00000| Untracked 
|  20|0x0000000082c00000, 0x0000000082d00000, 0x0000000082d00000|100%| O|  |TAMS 0x0000000082d00000, 0x0000000082c00000| Untracked 
|  21|0x0000000082d00000, 0x0000000082e00000, 0x0000000082e00000|100%| O|  |TAMS 0x0000000082e00000, 0x0000000082d00000| Untracked 
|  22|0x0000000082e00000, 0x0000000082f00000, 0x0000000082f00000|100%| O|  |TAMS 0x0000000082f00000, 0x0000000082e00000| Untracked 
|  23|0x0000000082f00000, 0x0000000083000000, 0x0000000083000000|100%| O|  |TAMS 0x0000000083000000, 0x0000000082f00000| Untracked 
|  24|0x0000000083000000, 0x0000000083100000, 0x0000000083100000|100%| O|  |TAMS 0x0000000083100000, 0x0000000083000000| Untracked 
|  25|0x0000000083100000, 0x0000000083200000, 0x0000000083200000|100%| O|  |TAMS 0x0000000083100000, 0x0000000083100000| Untracked 
|  26|0x0000000083200000, 0x0000000083300000, 0x0000000083300000|100%| O|  |TAMS 0x000000008325e000, 0x0000000083200000| Untracked 
|  27|0x0000000083300000, 0x0000000083400000, 0x0000000083400000|100%|HS|  |TAMS 0x0000000083300000, 0x0000000083300000| Complete 
|  28|0x0000000083400000, 0x0000000083500000, 0x0000000083500000|100%|HC|  |TAMS 0x0000000083400000, 0x0000000083400000| Complete 
|  29|0x0000000083500000, 0x0000000083600000, 0x0000000083600000|100%| O|  |TAMS 0x0000000083500000, 0x0000000083500000| Untracked 
|  30|0x0000000083600000, 0x0000000083700000, 0x0000000083700000|100%| O|  |TAMS 0x0000000083600000, 0x0000000083600000| Untracked 
|  31|0x0000000083700000, 0x0000000083800000, 0x0000000083800000|100%| O|  |TAMS 0x0000000083700000, 0x0000000083700000| Untracked 
|  32|0x0000000083800000, 0x0000000083900000, 0x0000000083900000|100%| O|  |TAMS 0x0000000083800000, 0x0000000083800000| Untracked 
|  33|0x0000000083900000, 0x0000000083a00000, 0x0000000083a00000|100%| O|  |TAMS 0x0000000083900000, 0x0000000083900000| Untracked 
|  34|0x0000000083a00000, 0x0000000083b00000, 0x0000000083b00000|100%| O|  |TAMS 0x0000000083a00000, 0x0000000083a00000| Untracked 
|  35|0x0000000083b00000, 0x0000000083c00000, 0x0000000083c00000|100%| O|  |TAMS 0x0000000083b00000, 0x0000000083b00000| Untracked 
|  36|0x0000000083c00000, 0x0000000083d00000, 0x0000000083d00000|100%| O|  |TAMS 0x0000000083c00000, 0x0000000083c00000| Untracked 
|  37|0x0000000083d00000, 0x0000000083e00000, 0x0000000083e00000|100%| O|  |TAMS 0x0000000083d00000, 0x0000000083d00000| Untracked 
|  38|0x0000000083e00000, 0x0000000083f00000, 0x0000000083f00000|100%| O|  |TAMS 0x0000000083e00000, 0x0000000083e00000| Untracked 
|  39|0x0000000083f00000, 0x0000000084000000, 0x0000000084000000|100%| O|  |TAMS 0x0000000083f00000, 0x0000000083f00000| Untracked 
|  40|0x0000000084000000, 0x0000000084100000, 0x0000000084100000|100%| O|  |TAMS 0x0000000084000000, 0x0000000084000000| Untracked 
|  41|0x0000000084100000, 0x0000000084200000, 0x0000000084200000|100%| O|  |TAMS 0x0000000084100000, 0x0000000084100000| Untracked 
|  42|0x0000000084200000, 0x0000000084300000, 0x0000000084300000|100%| O|  |TAMS 0x0000000084200000, 0x0000000084200000| Untracked 
|  43|0x0000000084300000, 0x0000000084400000, 0x0000000084400000|100%| O|  |TAMS 0x0000000084300000, 0x0000000084300000| Untracked 
|  44|0x0000000084400000, 0x0000000084500000, 0x0000000084500000|100%| O|  |TAMS 0x0000000084400000, 0x0000000084400000| Untracked 
|  45|0x0000000084500000, 0x0000000084600000, 0x0000000084600000|100%| O|  |TAMS 0x0000000084500000, 0x0000000084500000| Untracked 
|  46|0x0000000084600000, 0x0000000084700000, 0x0000000084700000|100%| O|  |TAMS 0x0000000084600000, 0x0000000084600000| Untracked 
|  47|0x0000000084700000, 0x0000000084800000, 0x0000000084800000|100%| O|  |TAMS 0x0000000084700000, 0x0000000084700000| Untracked 
|  48|0x0000000084800000, 0x0000000084900000, 0x0000000084900000|100%| O|  |TAMS 0x0000000084800000, 0x0000000084800000| Untracked 
|  49|0x0000000084900000, 0x0000000084a00000, 0x0000000084a00000|100%| O|  |TAMS 0x0000000084900000, 0x0000000084900000| Untracked 
|  50|0x0000000084a00000, 0x0000000084b00000, 0x0000000084b00000|100%| O|  |TAMS 0x0000000084a00000, 0x0000000084a00000| Untracked 
|  51|0x0000000084b00000, 0x0000000084c00000, 0x0000000084c00000|100%| O|  |TAMS 0x0000000084b00000, 0x0000000084b00000| Untracked 
|  52|0x0000000084c00000, 0x0000000084d00000, 0x0000000084d00000|100%| O|  |TAMS 0x0000000084c00000, 0x0000000084c00000| Untracked 
|  53|0x0000000084d00000, 0x0000000084e00000, 0x0000000084e00000|100%| O|  |TAMS 0x0000000084d00000, 0x0000000084d00000| Untracked 
|  54|0x0000000084e00000, 0x0000000084ecc800, 0x0000000084f00000| 79%| O|  |TAMS 0x0000000084e00000, 0x0000000084e00000| Untracked 
|  55|0x0000000084f00000, 0x0000000084f00000, 0x0000000085000000|  0%| F|  |TAMS 0x0000000084f00000, 0x0000000084f00000| Untracked 
|  56|0x0000000085000000, 0x0000000085000000, 0x0000000085100000|  0%| F|  |TAMS 0x0000000085000000, 0x0000000085000000| Untracked 
|  57|0x0000000085100000, 0x0000000085100000, 0x0000000085200000|  0%| F|  |TAMS 0x0000000085100000, 0x0000000085100000| Untracked 
|  58|0x0000000085200000, 0x0000000085200000, 0x0000000085300000|  0%| F|  |TAMS 0x0000000085200000, 0x0000000085200000| Untracked 
|  59|0x0000000085300000, 0x0000000085300000, 0x0000000085400000|  0%| F|  |TAMS 0x0000000085300000, 0x0000000085300000| Untracked 
|  60|0x0000000085400000, 0x0000000085400000, 0x0000000085500000|  0%| F|  |TAMS 0x0000000085400000, 0x0000000085400000| Untracked 
|  61|0x0000000085500000, 0x0000000085500000, 0x0000000085600000|  0%| F|  |TAMS 0x0000000085500000, 0x0000000085500000| Untracked 
|  62|0x0000000085600000, 0x0000000085600000, 0x0000000085700000|  0%| F|  |TAMS 0x0000000085600000, 0x0000000085600000| Untracked 
|  63|0x0000000085700000, 0x0000000085700000, 0x0000000085800000|  0%| F|  |TAMS 0x0000000085700000, 0x0000000085700000| Untracked 
|  64|0x0000000085800000, 0x0000000085800000, 0x0000000085900000|  0%| F|  |TAMS 0x0000000085800000, 0x0000000085800000| Untracked 
|  65|0x0000000085900000, 0x0000000085900000, 0x0000000085a00000|  0%| F|  |TAMS 0x0000000085900000, 0x0000000085900000| Untracked 
|  66|0x0000000085a00000, 0x0000000085a00000, 0x0000000085b00000|  0%| F|  |TAMS 0x0000000085a00000, 0x0000000085a00000| Untracked 
|  67|0x0000000085b00000, 0x0000000085b00000, 0x0000000085c00000|  0%| F|  |TAMS 0x0000000085b00000, 0x0000000085b00000| Untracked 
|  68|0x0000000085c00000, 0x0000000085c00000, 0x0000000085d00000|  0%| F|  |TAMS 0x0000000085c00000, 0x0000000085c00000| Untracked 
|  69|0x0000000085d00000, 0x0000000085d00000, 0x0000000085e00000|  0%| F|  |TAMS 0x0000000085d00000, 0x0000000085d00000| Untracked 
|  70|0x0000000085e00000, 0x0000000085e00000, 0x0000000085f00000|  0%| F|  |TAMS 0x0000000085e00000, 0x0000000085e00000| Untracked 
|  71|0x0000000085f00000, 0x0000000085f00000, 0x0000000086000000|  0%| F|  |TAMS 0x0000000085f00000, 0x0000000085f00000| Untracked 
|  72|0x0000000086000000, 0x0000000086000000, 0x0000000086100000|  0%| F|  |TAMS 0x0000000086000000, 0x0000000086000000| Untracked 
|  73|0x0000000086100000, 0x0000000086100000, 0x0000000086200000|  0%| F|  |TAMS 0x0000000086100000, 0x0000000086100000| Untracked 
|  74|0x0000000086200000, 0x0000000086200000, 0x0000000086300000|  0%| F|  |TAMS 0x0000000086200000, 0x0000000086200000| Untracked 
|  75|0x0000000086300000, 0x0000000086300000, 0x0000000086400000|  0%| F|  |TAMS 0x0000000086300000, 0x0000000086300000| Untracked 
|  76|0x0000000086400000, 0x0000000086400000, 0x0000000086500000|  0%| F|  |TAMS 0x0000000086400000, 0x0000000086400000| Untracked 
|  77|0x0000000086500000, 0x0000000086500000, 0x0000000086600000|  0%| F|  |TAMS 0x0000000086500000, 0x0000000086500000| Untracked 
|  78|0x0000000086600000, 0x0000000086600000, 0x0000000086700000|  0%| F|  |TAMS 0x0000000086600000, 0x0000000086600000| Untracked 
|  79|0x0000000086700000, 0x00000000867d79d0, 0x0000000086800000| 84%| S|CS|TAMS 0x0000000086700000, 0x0000000086700000| Complete 
|  80|0x0000000086800000, 0x0000000086800000, 0x0000000086900000|  0%| F|  |TAMS 0x0000000086800000, 0x0000000086800000| Untracked 
|  81|0x0000000086900000, 0x0000000086900000, 0x0000000086a00000|  0%| F|  |TAMS 0x0000000086900000, 0x0000000086900000| Untracked 
|  82|0x0000000086a00000, 0x0000000086b00000, 0x0000000086b00000|100%| S|CS|TAMS 0x0000000086a00000, 0x0000000086a00000| Complete 
|  83|0x0000000086b00000, 0x0000000086c00000, 0x0000000086c00000|100%| S|CS|TAMS 0x0000000086b00000, 0x0000000086b00000| Complete 
|  84|0x0000000086c00000, 0x0000000086d00000, 0x0000000086d00000|100%| S|CS|TAMS 0x0000000086c00000, 0x0000000086c00000| Complete 
|  85|0x0000000086d00000, 0x0000000086e00000, 0x0000000086e00000|100%| S|CS|TAMS 0x0000000086d00000, 0x0000000086d00000| Complete 
|  86|0x0000000086e00000, 0x0000000086e00000, 0x0000000086f00000|  0%| F|  |TAMS 0x0000000086e00000, 0x0000000086e00000| Untracked 
|  87|0x0000000086f00000, 0x0000000086f00000, 0x0000000087000000|  0%| F|  |TAMS 0x0000000086f00000, 0x0000000086f00000| Untracked 
|  88|0x0000000087000000, 0x0000000087000000, 0x0000000087100000|  0%| F|  |TAMS 0x0000000087000000, 0x0000000087000000| Untracked 
|  89|0x0000000087100000, 0x0000000087100000, 0x0000000087200000|  0%| F|  |TAMS 0x0000000087100000, 0x0000000087100000| Untracked 
|  90|0x0000000087200000, 0x0000000087200000, 0x0000000087300000|  0%| F|  |TAMS 0x0000000087200000, 0x0000000087200000| Untracked 
|  91|0x0000000087300000, 0x0000000087300000, 0x0000000087400000|  0%| F|  |TAMS 0x0000000087300000, 0x0000000087300000| Untracked 
|  92|0x0000000087400000, 0x0000000087400000, 0x0000000087500000|  0%| F|  |TAMS 0x0000000087400000, 0x0000000087400000| Untracked 
|  93|0x0000000087500000, 0x0000000087500000, 0x0000000087600000|  0%| F|  |TAMS 0x0000000087500000, 0x0000000087500000| Untracked 
|  94|0x0000000087600000, 0x0000000087600000, 0x0000000087700000|  0%| F|  |TAMS 0x0000000087600000, 0x0000000087600000| Untracked 
|  95|0x0000000087700000, 0x0000000087700000, 0x0000000087800000|  0%| F|  |TAMS 0x0000000087700000, 0x0000000087700000| Untracked 
|  96|0x0000000087800000, 0x0000000087800000, 0x0000000087900000|  0%| F|  |TAMS 0x0000000087800000, 0x0000000087800000| Untracked 
|  97|0x0000000087900000, 0x0000000087900000, 0x0000000087a00000|  0%| F|  |TAMS 0x0000000087900000, 0x0000000087900000| Untracked 
|  98|0x0000000087a00000, 0x0000000087a00000, 0x0000000087b00000|  0%| F|  |TAMS 0x0000000087a00000, 0x0000000087a00000| Untracked 
|  99|0x0000000087b00000, 0x0000000087b00000, 0x0000000087c00000|  0%| F|  |TAMS 0x0000000087b00000, 0x0000000087b00000| Untracked 
| 100|0x0000000087c00000, 0x0000000087c00000, 0x0000000087d00000|  0%| F|  |TAMS 0x0000000087c00000, 0x0000000087c00000| Untracked 
| 101|0x0000000087d00000, 0x0000000087d00000, 0x0000000087e00000|  0%| F|  |TAMS 0x0000000087d00000, 0x0000000087d00000| Untracked 
| 102|0x0000000087e00000, 0x0000000087e00000, 0x0000000087f00000|  0%| F|  |TAMS 0x0000000087e00000, 0x0000000087e00000| Untracked 
| 103|0x0000000087f00000, 0x0000000087f00000, 0x0000000088000000|  0%| F|  |TAMS 0x0000000087f00000, 0x0000000087f00000| Untracked 
| 104|0x0000000088000000, 0x0000000088000000, 0x0000000088100000|  0%| F|  |TAMS 0x0000000088000000, 0x0000000088000000| Untracked 
| 105|0x0000000088100000, 0x0000000088100000, 0x0000000088200000|  0%| F|  |TAMS 0x0000000088100000, 0x0000000088100000| Untracked 
| 106|0x0000000088200000, 0x0000000088200000, 0x0000000088300000|  0%| F|  |TAMS 0x0000000088200000, 0x0000000088200000| Untracked 
| 107|0x0000000088300000, 0x0000000088300000, 0x0000000088400000|  0%| F|  |TAMS 0x0000000088300000, 0x0000000088300000| Untracked 
| 108|0x0000000088400000, 0x0000000088400000, 0x0000000088500000|  0%| F|  |TAMS 0x0000000088400000, 0x0000000088400000| Untracked 
| 109|0x0000000088500000, 0x0000000088500000, 0x0000000088600000|  0%| F|  |TAMS 0x0000000088500000, 0x0000000088500000| Untracked 
| 110|0x0000000088600000, 0x0000000088600000, 0x0000000088700000|  0%| F|  |TAMS 0x0000000088600000, 0x0000000088600000| Untracked 
| 111|0x0000000088700000, 0x0000000088700000, 0x0000000088800000|  0%| F|  |TAMS 0x0000000088700000, 0x0000000088700000| Untracked 
| 112|0x0000000088800000, 0x0000000088800000, 0x0000000088900000|  0%| F|  |TAMS 0x0000000088800000, 0x0000000088800000| Untracked 
| 113|0x0000000088900000, 0x0000000088900000, 0x0000000088a00000|  0%| F|  |TAMS 0x0000000088900000, 0x0000000088900000| Untracked 
| 114|0x0000000088a00000, 0x0000000088a00000, 0x0000000088b00000|  0%| F|  |TAMS 0x0000000088a00000, 0x0000000088a00000| Untracked 
| 115|0x0000000088b00000, 0x0000000088b00000, 0x0000000088c00000|  0%| F|  |TAMS 0x0000000088b00000, 0x0000000088b00000| Untracked 
| 116|0x0000000088c00000, 0x0000000088c00000, 0x0000000088d00000|  0%| F|  |TAMS 0x0000000088c00000, 0x0000000088c00000| Untracked 
| 117|0x0000000088d00000, 0x0000000088d00000, 0x0000000088e00000|  0%| F|  |TAMS 0x0000000088d00000, 0x0000000088d00000| Untracked 
| 118|0x0000000088e00000, 0x0000000088e00000, 0x0000000088f00000|  0%| F|  |TAMS 0x0000000088e00000, 0x0000000088e00000| Untracked 
| 119|0x0000000088f00000, 0x0000000088f00000, 0x0000000089000000|  0%| F|  |TAMS 0x0000000088f00000, 0x0000000088f00000| Untracked 
| 120|0x0000000089000000, 0x0000000089000000, 0x0000000089100000|  0%| F|  |TAMS 0x0000000089000000, 0x0000000089000000| Untracked 
| 121|0x0000000089100000, 0x0000000089100000, 0x0000000089200000|  0%| F|  |TAMS 0x0000000089100000, 0x0000000089100000| Untracked 
| 122|0x0000000089200000, 0x0000000089200000, 0x0000000089300000|  0%| F|  |TAMS 0x0000000089200000, 0x0000000089200000| Untracked 
| 123|0x0000000089300000, 0x0000000089300000, 0x0000000089400000|  0%| F|  |TAMS 0x0000000089300000, 0x0000000089300000| Untracked 
| 124|0x0000000089400000, 0x0000000089400000, 0x0000000089500000|  0%| F|  |TAMS 0x0000000089400000, 0x0000000089400000| Untracked 
| 125|0x0000000089500000, 0x0000000089500000, 0x0000000089600000|  0%| F|  |TAMS 0x0000000089500000, 0x0000000089500000| Untracked 
| 126|0x0000000089600000, 0x0000000089600000, 0x0000000089700000|  0%| F|  |TAMS 0x0000000089600000, 0x0000000089600000| Untracked 
| 127|0x0000000089700000, 0x0000000089700000, 0x0000000089800000|  0%| F|  |TAMS 0x0000000089700000, 0x0000000089700000| Untracked 
| 128|0x0000000089800000, 0x0000000089800000, 0x0000000089900000|  0%| F|  |TAMS 0x0000000089800000, 0x0000000089800000| Untracked 
| 129|0x0000000089900000, 0x0000000089900000, 0x0000000089a00000|  0%| F|  |TAMS 0x0000000089900000, 0x0000000089900000| Untracked 
| 130|0x0000000089a00000, 0x0000000089a00000, 0x0000000089b00000|  0%| F|  |TAMS 0x0000000089a00000, 0x0000000089a00000| Untracked 
| 131|0x0000000089b00000, 0x0000000089b00000, 0x0000000089c00000|  0%| F|  |TAMS 0x0000000089b00000, 0x0000000089b00000| Untracked 
| 132|0x0000000089c00000, 0x0000000089c00000, 0x0000000089d00000|  0%| F|  |TAMS 0x0000000089c00000, 0x0000000089c00000| Untracked 
| 133|0x0000000089d00000, 0x0000000089d00000, 0x0000000089e00000|  0%| F|  |TAMS 0x0000000089d00000, 0x0000000089d00000| Untracked 
| 134|0x0000000089e00000, 0x0000000089e00000, 0x0000000089f00000|  0%| F|  |TAMS 0x0000000089e00000, 0x0000000089e00000| Untracked 
| 135|0x0000000089f00000, 0x0000000089f00000, 0x000000008a000000|  0%| F|  |TAMS 0x0000000089f00000, 0x0000000089f00000| Untracked 
| 136|0x000000008a000000, 0x000000008a000000, 0x000000008a100000|  0%| F|  |TAMS 0x000000008a000000, 0x000000008a000000| Untracked 
| 137|0x000000008a100000, 0x000000008a100000, 0x000000008a200000|  0%| F|  |TAMS 0x000000008a100000, 0x000000008a100000| Untracked 
| 138|0x000000008a200000, 0x000000008a200000, 0x000000008a300000|  0%| F|  |TAMS 0x000000008a200000, 0x000000008a200000| Untracked 
| 139|0x000000008a300000, 0x000000008a300000, 0x000000008a400000|  0%| F|  |TAMS 0x000000008a300000, 0x000000008a300000| Untracked 
| 140|0x000000008a400000, 0x000000008a400000, 0x000000008a500000|  0%| F|  |TAMS 0x000000008a400000, 0x000000008a400000| Untracked 
| 141|0x000000008a500000, 0x000000008a500000, 0x000000008a600000|  0%| F|  |TAMS 0x000000008a500000, 0x000000008a500000| Untracked 
| 142|0x000000008a600000, 0x000000008a600000, 0x000000008a700000|  0%| F|  |TAMS 0x000000008a600000, 0x000000008a600000| Untracked 
| 143|0x000000008a700000, 0x000000008a700000, 0x000000008a800000|  0%| F|  |TAMS 0x000000008a700000, 0x000000008a700000| Untracked 
| 144|0x000000008a800000, 0x000000008a800000, 0x000000008a900000|  0%| F|  |TAMS 0x000000008a800000, 0x000000008a800000| Untracked 
| 145|0x000000008a900000, 0x000000008a900000, 0x000000008aa00000|  0%| F|  |TAMS 0x000000008a900000, 0x000000008a900000| Untracked 
| 146|0x000000008aa00000, 0x000000008aa00000, 0x000000008ab00000|  0%| F|  |TAMS 0x000000008aa00000, 0x000000008aa00000| Untracked 
| 147|0x000000008ab00000, 0x000000008ab00000, 0x000000008ac00000|  0%| F|  |TAMS 0x000000008ab00000, 0x000000008ab00000| Untracked 
| 148|0x000000008ac00000, 0x000000008ac00000, 0x000000008ad00000|  0%| F|  |TAMS 0x000000008ac00000, 0x000000008ac00000| Untracked 
| 149|0x000000008ad00000, 0x000000008ad00000, 0x000000008ae00000|  0%| F|  |TAMS 0x000000008ad00000, 0x000000008ad00000| Untracked 
| 150|0x000000008ae00000, 0x000000008ae00000, 0x000000008af00000|  0%| F|  |TAMS 0x000000008ae00000, 0x000000008ae00000| Untracked 
| 151|0x000000008af00000, 0x000000008af00000, 0x000000008b000000|  0%| F|  |TAMS 0x000000008af00000, 0x000000008af00000| Untracked 
| 152|0x000000008b000000, 0x000000008b000000, 0x000000008b100000|  0%| F|  |TAMS 0x000000008b000000, 0x000000008b000000| Untracked 
| 153|0x000000008b100000, 0x000000008b100000, 0x000000008b200000|  0%| F|  |TAMS 0x000000008b100000, 0x000000008b100000| Untracked 
| 154|0x000000008b200000, 0x000000008b200000, 0x000000008b300000|  0%| F|  |TAMS 0x000000008b200000, 0x000000008b200000| Untracked 
| 155|0x000000008b300000, 0x000000008b300000, 0x000000008b400000|  0%| F|  |TAMS 0x000000008b300000, 0x000000008b300000| Untracked 
| 156|0x000000008b400000, 0x000000008b400000, 0x000000008b500000|  0%| F|  |TAMS 0x000000008b400000, 0x000000008b400000| Untracked 
| 157|0x000000008b500000, 0x000000008b500000, 0x000000008b600000|  0%| F|  |TAMS 0x000000008b500000, 0x000000008b500000| Untracked 
| 158|0x000000008b600000, 0x000000008b600000, 0x000000008b700000|  0%| F|  |TAMS 0x000000008b600000, 0x000000008b600000| Untracked 
| 159|0x000000008b700000, 0x000000008b700000, 0x000000008b800000|  0%| F|  |TAMS 0x000000008b700000, 0x000000008b700000| Untracked 
| 160|0x000000008b800000, 0x000000008b800000, 0x000000008b900000|  0%| F|  |TAMS 0x000000008b800000, 0x000000008b800000| Untracked 
| 161|0x000000008b900000, 0x000000008b900000, 0x000000008ba00000|  0%| F|  |TAMS 0x000000008b900000, 0x000000008b900000| Untracked 
| 162|0x000000008ba00000, 0x000000008ba00000, 0x000000008bb00000|  0%| F|  |TAMS 0x000000008ba00000, 0x000000008ba00000| Untracked 
| 163|0x000000008bb00000, 0x000000008bb00000, 0x000000008bc00000|  0%| F|  |TAMS 0x000000008bb00000, 0x000000008bb00000| Untracked 
| 164|0x000000008bc00000, 0x000000008bc00000, 0x000000008bd00000|  0%| F|  |TAMS 0x000000008bc00000, 0x000000008bc00000| Untracked 
| 165|0x000000008bd00000, 0x000000008bd00000, 0x000000008be00000|  0%| F|  |TAMS 0x000000008bd00000, 0x000000008bd00000| Untracked 
| 166|0x000000008be00000, 0x000000008be00000, 0x000000008bf00000|  0%| F|  |TAMS 0x000000008be00000, 0x000000008be00000| Untracked 
| 167|0x000000008bf00000, 0x000000008bf00000, 0x000000008c000000|  0%| F|  |TAMS 0x000000008bf00000, 0x000000008bf00000| Untracked 
| 168|0x000000008c000000, 0x000000008c000000, 0x000000008c100000|  0%| F|  |TAMS 0x000000008c000000, 0x000000008c000000| Untracked 
| 169|0x000000008c100000, 0x000000008c100000, 0x000000008c200000|  0%| F|  |TAMS 0x000000008c100000, 0x000000008c100000| Untracked 
| 170|0x000000008c200000, 0x000000008c200000, 0x000000008c300000|  0%| F|  |TAMS 0x000000008c200000, 0x000000008c200000| Untracked 
| 171|0x000000008c300000, 0x000000008c300000, 0x000000008c400000|  0%| F|  |TAMS 0x000000008c300000, 0x000000008c300000| Untracked 
| 172|0x000000008c400000, 0x000000008c400000, 0x000000008c500000|  0%| F|  |TAMS 0x000000008c400000, 0x000000008c400000| Untracked 
| 173|0x000000008c500000, 0x000000008c500000, 0x000000008c600000|  0%| F|  |TAMS 0x000000008c500000, 0x000000008c500000| Untracked 
| 174|0x000000008c600000, 0x000000008c600000, 0x000000008c700000|  0%| F|  |TAMS 0x000000008c600000, 0x000000008c600000| Untracked 
| 175|0x000000008c700000, 0x000000008c700000, 0x000000008c800000|  0%| F|  |TAMS 0x000000008c700000, 0x000000008c700000| Untracked 
| 176|0x000000008c800000, 0x000000008c800000, 0x000000008c900000|  0%| F|  |TAMS 0x000000008c800000, 0x000000008c800000| Untracked 
| 177|0x000000008c900000, 0x000000008c982140, 0x000000008ca00000| 50%| E|  |TAMS 0x000000008c900000, 0x000000008c900000| Complete 
| 178|0x000000008ca00000, 0x000000008cb00000, 0x000000008cb00000|100%| E|CS|TAMS 0x000000008ca00000, 0x000000008ca00000| Complete 
| 179|0x000000008cb00000, 0x000000008cc00000, 0x000000008cc00000|100%| E|CS|TAMS 0x000000008cb00000, 0x000000008cb00000| Complete 
| 180|0x000000008cc00000, 0x000000008cd00000, 0x000000008cd00000|100%| E|CS|TAMS 0x000000008cc00000, 0x000000008cc00000| Complete 
| 181|0x000000008cd00000, 0x000000008ce00000, 0x000000008ce00000|100%| E|CS|TAMS 0x000000008cd00000, 0x000000008cd00000| Complete 
| 182|0x000000008ce00000, 0x000000008cf00000, 0x000000008cf00000|100%| E|CS|TAMS 0x000000008ce00000, 0x000000008ce00000| Complete 
| 183|0x000000008cf00000, 0x000000008d000000, 0x000000008d000000|100%| E|CS|TAMS 0x000000008cf00000, 0x000000008cf00000| Complete 
| 184|0x000000008d000000, 0x000000008d100000, 0x000000008d100000|100%| E|CS|TAMS 0x000000008d000000, 0x000000008d000000| Complete 
| 185|0x000000008d100000, 0x000000008d200000, 0x000000008d200000|100%| E|CS|TAMS 0x000000008d100000, 0x000000008d100000| Complete 
| 186|0x000000008d200000, 0x000000008d300000, 0x000000008d300000|100%| E|CS|TAMS 0x000000008d200000, 0x000000008d200000| Complete 
| 187|0x000000008d300000, 0x000000008d400000, 0x000000008d400000|100%| E|CS|TAMS 0x000000008d300000, 0x000000008d300000| Complete 
| 188|0x000000008d400000, 0x000000008d500000, 0x000000008d500000|100%| E|CS|TAMS 0x000000008d400000, 0x000000008d400000| Complete 
| 189|0x000000008d500000, 0x000000008d600000, 0x000000008d600000|100%| E|CS|TAMS 0x000000008d500000, 0x000000008d500000| Complete 
| 190|0x000000008d600000, 0x000000008d700000, 0x000000008d700000|100%| E|CS|TAMS 0x000000008d600000, 0x000000008d600000| Complete 
| 191|0x000000008d700000, 0x000000008d800000, 0x000000008d800000|100%| E|CS|TAMS 0x000000008d700000, 0x000000008d700000| Complete 
| 192|0x000000008d800000, 0x000000008d900000, 0x000000008d900000|100%| E|CS|TAMS 0x000000008d800000, 0x000000008d800000| Complete 
| 193|0x000000008d900000, 0x000000008da00000, 0x000000008da00000|100%| E|CS|TAMS 0x000000008d900000, 0x000000008d900000| Complete 
| 194|0x000000008da00000, 0x000000008db00000, 0x000000008db00000|100%| E|CS|TAMS 0x000000008da00000, 0x000000008da00000| Complete 
| 195|0x000000008db00000, 0x000000008dc00000, 0x000000008dc00000|100%| E|CS|TAMS 0x000000008db00000, 0x000000008db00000| Complete 
| 196|0x000000008dc00000, 0x000000008dd00000, 0x000000008dd00000|100%| E|CS|TAMS 0x000000008dc00000, 0x000000008dc00000| Complete 
| 197|0x000000008dd00000, 0x000000008de00000, 0x000000008de00000|100%| E|CS|TAMS 0x000000008dd00000, 0x000000008dd00000| Complete 
| 198|0x000000008de00000, 0x000000008df00000, 0x000000008df00000|100%| E|CS|TAMS 0x000000008de00000, 0x000000008de00000| Complete 
| 199|0x000000008df00000, 0x000000008e000000, 0x000000008e000000|100%| E|CS|TAMS 0x000000008df00000, 0x000000008df00000| Complete 
| 200|0x000000008e000000, 0x000000008e100000, 0x000000008e100000|100%| E|CS|TAMS 0x000000008e000000, 0x000000008e000000| Complete 
| 201|0x000000008e100000, 0x000000008e200000, 0x000000008e200000|100%| E|CS|TAMS 0x000000008e100000, 0x000000008e100000| Complete 
| 202|0x000000008e200000, 0x000000008e300000, 0x000000008e300000|100%| E|CS|TAMS 0x000000008e200000, 0x000000008e200000| Complete 
| 203|0x000000008e300000, 0x000000008e400000, 0x000000008e400000|100%| E|CS|TAMS 0x000000008e300000, 0x000000008e300000| Complete 
| 204|0x000000008e400000, 0x000000008e500000, 0x000000008e500000|100%| E|CS|TAMS 0x000000008e400000, 0x000000008e400000| Complete 
| 205|0x000000008e500000, 0x000000008e600000, 0x000000008e600000|100%| E|CS|TAMS 0x000000008e500000, 0x000000008e500000| Complete 
| 206|0x000000008e600000, 0x000000008e700000, 0x000000008e700000|100%| E|CS|TAMS 0x000000008e600000, 0x000000008e600000| Complete 
| 207|0x000000008e700000, 0x000000008e800000, 0x000000008e800000|100%| E|CS|TAMS 0x000000008e700000, 0x000000008e700000| Complete 
| 208|0x000000008e800000, 0x000000008e900000, 0x000000008e900000|100%| E|CS|TAMS 0x000000008e800000, 0x000000008e800000| Complete 
| 209|0x000000008e900000, 0x000000008ea00000, 0x000000008ea00000|100%| E|CS|TAMS 0x000000008e900000, 0x000000008e900000| Complete 
| 210|0x000000008ea00000, 0x000000008eb00000, 0x000000008eb00000|100%| E|CS|TAMS 0x000000008ea00000, 0x000000008ea00000| Complete 
| 211|0x000000008eb00000, 0x000000008ec00000, 0x000000008ec00000|100%| E|CS|TAMS 0x000000008eb00000, 0x000000008eb00000| Complete 
| 212|0x000000008ec00000, 0x000000008ed00000, 0x000000008ed00000|100%| E|CS|TAMS 0x000000008ec00000, 0x000000008ec00000| Complete 
| 213|0x000000008ed00000, 0x000000008ee00000, 0x000000008ee00000|100%| E|CS|TAMS 0x000000008ed00000, 0x000000008ed00000| Complete 
| 214|0x000000008ee00000, 0x000000008ef00000, 0x000000008ef00000|100%| E|CS|TAMS 0x000000008ee00000, 0x000000008ee00000| Complete 
| 215|0x000000008ef00000, 0x000000008f000000, 0x000000008f000000|100%| E|CS|TAMS 0x000000008ef00000, 0x000000008ef00000| Complete 
| 216|0x000000008f000000, 0x000000008f100000, 0x000000008f100000|100%| E|CS|TAMS 0x000000008f000000, 0x000000008f000000| Complete 
| 217|0x000000008f100000, 0x000000008f200000, 0x000000008f200000|100%| E|CS|TAMS 0x000000008f100000, 0x000000008f100000| Complete 
| 218|0x000000008f200000, 0x000000008f300000, 0x000000008f300000|100%| E|CS|TAMS 0x000000008f200000, 0x000000008f200000| Complete 
| 219|0x000000008f300000, 0x000000008f400000, 0x000000008f400000|100%| E|CS|TAMS 0x000000008f300000, 0x000000008f300000| Complete 
| 220|0x000000008f400000, 0x000000008f500000, 0x000000008f500000|100%| E|CS|TAMS 0x000000008f400000, 0x000000008f400000| Complete 
| 221|0x000000008f500000, 0x000000008f600000, 0x000000008f600000|100%| E|CS|TAMS 0x000000008f500000, 0x000000008f500000| Complete 
| 222|0x000000008f600000, 0x000000008f700000, 0x000000008f700000|100%| E|CS|TAMS 0x000000008f600000, 0x000000008f600000| Complete 
| 223|0x000000008f700000, 0x000000008f800000, 0x000000008f800000|100%| E|CS|TAMS 0x000000008f700000, 0x000000008f700000| Complete 
| 224|0x000000008f800000, 0x000000008f900000, 0x000000008f900000|100%| E|CS|TAMS 0x000000008f800000, 0x000000008f800000| Complete 
| 225|0x000000008f900000, 0x000000008fa00000, 0x000000008fa00000|100%| E|CS|TAMS 0x000000008f900000, 0x000000008f900000| Complete 
| 226|0x000000008fa00000, 0x000000008fb00000, 0x000000008fb00000|100%| E|CS|TAMS 0x000000008fa00000, 0x000000008fa00000| Complete 
| 227|0x000000008fb00000, 0x000000008fc00000, 0x000000008fc00000|100%| E|CS|TAMS 0x000000008fb00000, 0x000000008fb00000| Complete 
| 228|0x000000008fc00000, 0x000000008fd00000, 0x000000008fd00000|100%| E|CS|TAMS 0x000000008fc00000, 0x000000008fc00000| Complete 
| 229|0x000000008fd00000, 0x000000008fe00000, 0x000000008fe00000|100%| E|CS|TAMS 0x000000008fd00000, 0x000000008fd00000| Complete 
| 230|0x000000008fe00000, 0x000000008ff00000, 0x000000008ff00000|100%| E|CS|TAMS 0x000000008fe00000, 0x000000008fe00000| Complete 
| 231|0x000000008ff00000, 0x0000000090000000, 0x0000000090000000|100%| E|CS|TAMS 0x000000008ff00000, 0x000000008ff00000| Complete 
| 232|0x0000000090000000, 0x0000000090100000, 0x0000000090100000|100%| E|CS|TAMS 0x0000000090000000, 0x0000000090000000| Complete 
| 233|0x0000000090100000, 0x0000000090200000, 0x0000000090200000|100%| E|CS|TAMS 0x0000000090100000, 0x0000000090100000| Complete 
| 234|0x0000000090200000, 0x0000000090300000, 0x0000000090300000|100%| E|CS|TAMS 0x0000000090200000, 0x0000000090200000| Complete 
| 235|0x0000000090300000, 0x0000000090400000, 0x0000000090400000|100%| E|CS|TAMS 0x0000000090300000, 0x0000000090300000| Complete 

Card table byte_map: [0x00000156cfc80000,0x00000156d0080000] _byte_map_base: 0x00000156cf874000

Marking Bits (Prev, Next): (CMBitMap*) 0x00000156bd403dd0, (CMBitMap*) 0x00000156bd403d90
 Prev Bits: [0x00000156d2420000, 0x00000156d43c0000)
 Next Bits: [0x00000156d0480000, 0x00000156d2420000)

Polling page: 0x00000156bcb60000

Metaspace:

Usage:
  Non-class:     62.17 MB used.
      Class:      7.87 MB used.
       Both:     70.03 MB used.

Virtual space:
  Non-class space:       64.00 MB reserved,      62.38 MB ( 97%) committed,  1 nodes.
      Class space:        1.00 GB reserved,       8.00 MB ( <1%) committed,  1 nodes.
             Both:        1.06 GB reserved,      70.38 MB (  6%) committed. 

Chunk freelists:
   Non-Class:  1.23 MB
       Class:  7.95 MB
        Both:  9.19 MB

MaxMetaspaceSize: unlimited
CompressedClassSpaceSize: 1.00 GB
Initial GC threshold: 21.00 MB
Current GC threshold: 76.38 MB
CDS: off
MetaspaceReclaimPolicy: balanced
 - commit_granule_bytes: 65536.
 - commit_granule_words: 8192.
 - virtual_space_node_default_size: 8388608.
 - enlarge_chunks_in_place: 1.
 - new_chunks_are_fully_committed: 0.
 - uncommit_free_chunks: 1.
 - use_allocation_guard: 0.
 - handle_deallocations: 1.


Internal statistics:

num_allocs_failed_limit: 9.
num_arena_births: 356.
num_arena_deaths: 0.
num_vsnodes_births: 2.
num_vsnodes_deaths: 0.
num_space_committed: 1124.
num_space_uncommitted: 0.
num_chunks_returned_to_freelist: 9.
num_chunks_taken_from_freelist: 2645.
num_chunk_merges: 9.
num_chunk_splits: 2088.
num_chunks_enlarged: 1784.
num_inconsistent_stats: 0.

CodeHeap 'non-profiled nmethods': size=120000Kb used=4602Kb max_used=4602Kb free=115397Kb
 bounds [0x00000156c8350000, 0x00000156c87d0000, 0x00000156cf880000]
CodeHeap 'profiled nmethods': size=120000Kb used=27109Kb max_used=27109Kb free=92890Kb
 bounds [0x00000156c0880000, 0x00000156c2300000, 0x00000156c7db0000]
CodeHeap 'non-nmethods': size=5760Kb used=1390Kb max_used=1482Kb free=4369Kb
 bounds [0x00000156c7db0000, 0x00000156c8020000, 0x00000156c8350000]
 total_blobs=10392 nmethods=9671 adapters=629
 compilation: enabled
              stopped_count=0, restarted_count=0
 full_count=0

Compilation events (20 events):
Event: 12.001 Thread 0x00000156d6a69660 11211       3       org.jetbrains.kotlin.resolve.MemberComparator$NameAndTypeMemberComparator::compare (13 bytes)
Event: 12.002 Thread 0x00000156d6a69660 nmethod 11211 0x00000156c22e3090 code [0x00000156c22e3260, 0x00000156c22e36a8]
Event: 12.002 Thread 0x00000156d6a69660 11212       3       org.jetbrains.kotlin.name.Name::compareTo (12 bytes)
Event: 12.002 Thread 0x00000156d6a69660 nmethod 11212 0x00000156c22e3810 code [0x00000156c22e39c0, 0x00000156c22e3b08]
Event: 12.002 Thread 0x00000156d6a69660 11213       3       org.jetbrains.kotlin.ir.declarations.lazy.IrLazyClass::shouldBuildStub (45 bytes)
Event: 12.003 Thread 0x00000156d6a69660 nmethod 11213 0x00000156c22e3c10 code [0x00000156c22e3e20, 0x00000156c22e46d8]
Event: 12.003 Thread 0x00000156d6a69660 11214   !   3       org.jetbrains.kotlin.ir.declarations.lazy.SynchronizedLazyVar::setValue (50 bytes)
Event: 12.004 Thread 0x00000156d6a69660 nmethod 11214 0x00000156c22e4890 code [0x00000156c22e4aa0, 0x00000156c22e5198]
Event: 12.004 Thread 0x00000156d6a69660 11215       3       androidx.compose.compiler.plugins.kotlin.lower.ComposableTargetAnnotationsTransformer::isComposable (22 bytes)
Event: 12.004 Thread 0x00000156d6a69660 nmethod 11215 0x00000156c22e5490 code [0x00000156c22e5660, 0x00000156c22e5a28]
Event: 12.004 Thread 0x00000156d6a69660 11216       3       org.jetbrains.kotlin.ir.declarations.lazy.IrLazyClass::getAnnotations (19 bytes)
Event: 12.004 Thread 0x00000156d6a69660 nmethod 11216 0x00000156c22e5b90 code [0x00000156c22e5d40, 0x00000156c22e6028]
Event: 12.004 Thread 0x00000156d6a69660 11218       3       org.jetbrains.kotlin.ir.declarations.lazy.IrLazyFunction::setParent (24 bytes)
Event: 12.005 Thread 0x00000156d6a69660 nmethod 11218 0x00000156c22e6110 code [0x00000156c22e6340, 0x00000156c22e69c8]
Event: 12.005 Thread 0x00000156d6a69660 11217       1       org.jetbrains.kotlin.descriptors.impl.PropertyDescriptorImpl::isLateInit (5 bytes)
Event: 12.005 Thread 0x00000156d6a69660 nmethod 11217 0x00000156c87cb910 code [0x00000156c87cbaa0, 0x00000156c87cbb78]
Event: 12.007 Thread 0x00000156d6a69660 11219       2       org.jetbrains.kotlin.types.DelegatingSimpleType::getArguments (8 bytes)
Event: 12.007 Thread 0x00000156d6a69660 nmethod 11219 0x00000156c22e6c90 code [0x00000156c22e6e40, 0x00000156c22e6f98]
Event: 12.008 Thread 0x00000156d6a69660 11220       3       org.jetbrains.kotlin.load.java.lazy.descriptors.LazyJavaClassMemberScope::getDispatchReceiverParameter (11 bytes)
Event: 12.008 Thread 0x00000156d6a69660 nmethod 11220 0x00000156c22e7090 code [0x00000156c22e7280, 0x00000156c22e78b8]

GC Heap History (20 events):
Event: 2.999 GC heap before
{Heap before GC invocations=7 (full 0):
 garbage-first heap   total 70656K, used 43555K [0x0000000081800000, 0x0000000100000000)
  region size 1024K, 26 young (26624K), 3 survivors (3072K)
 Metaspace       used 35975K, committed 36160K, reserved 1114112K
  class space    used 4532K, committed 4608K, reserved 1048576K
}
Event: 3.013 GC heap after
{Heap after GC invocations=8 (full 0):
 garbage-first heap   total 70656K, used 24891K [0x0000000081800000, 0x0000000100000000)
  region size 1024K, 5 young (5120K), 5 survivors (5120K)
 Metaspace       used 35975K, committed 36160K, reserved 1114112K
  class space    used 4532K, committed 4608K, reserved 1048576K
}
Event: 3.380 GC heap before
{Heap before GC invocations=9 (full 0):
 garbage-first heap   total 70656K, used 50491K [0x0000000081800000, 0x0000000100000000)
  region size 1024K, 30 young (30720K), 5 survivors (5120K)
 Metaspace       used 40378K, committed 40640K, reserved 1114112K
  class space    used 4990K, committed 5120K, reserved 1048576K
}
Event: 3.393 GC heap after
{Heap after GC invocations=10 (full 0):
 garbage-first heap   total 70656K, used 26011K [0x0000000081800000, 0x0000000100000000)
  region size 1024K, 4 young (4096K), 4 survivors (4096K)
 Metaspace       used 40378K, committed 40640K, reserved 1114112K
  class space    used 4990K, committed 5120K, reserved 1048576K
}
Event: 3.411 GC heap before
{Heap before GC invocations=10 (full 0):
 garbage-first heap   total 70656K, used 27035K [0x0000000081800000, 0x0000000100000000)
  region size 1024K, 5 young (5120K), 4 survivors (4096K)
 Metaspace       used 40719K, committed 40960K, reserved 1114112K
  class space    used 5011K, committed 5120K, reserved 1048576K
}
Event: 3.417 GC heap after
{Heap after GC invocations=11 (full 0):
 garbage-first heap   total 70656K, used 26650K [0x0000000081800000, 0x0000000100000000)
  region size 1024K, 1 young (1024K), 1 survivors (1024K)
 Metaspace       used 40719K, committed 40960K, reserved 1114112K
  class space    used 5011K, committed 5120K, reserved 1048576K
}
Event: 4.026 GC heap before
{Heap before GC invocations=11 (full 0):
 garbage-first heap   total 70656K, used 50202K [0x0000000081800000, 0x0000000100000000)
  region size 1024K, 25 young (25600K), 1 survivors (1024K)
 Metaspace       used 46637K, committed 46912K, reserved 1114112K
  class space    used 5632K, committed 5760K, reserved 1048576K
}
Event: 4.036 GC heap after
{Heap after GC invocations=12 (full 0):
 garbage-first heap   total 70656K, used 28586K [0x0000000081800000, 0x0000000100000000)
  region size 1024K, 3 young (3072K), 3 survivors (3072K)
 Metaspace       used 46637K, committed 46912K, reserved 1114112K
  class space    used 5632K, committed 5760K, reserved 1048576K
}
Event: 4.703 GC heap before
{Heap before GC invocations=13 (full 0):
 garbage-first heap   total 70656K, used 53162K [0x0000000081800000, 0x0000000100000000)
  region size 1024K, 26 young (26624K), 3 survivors (3072K)
 Metaspace       used 51809K, committed 52096K, reserved 1114112K
  class space    used 6237K, committed 6400K, reserved 1048576K
}
Event: 4.713 GC heap after
{Heap after GC invocations=14 (full 0):
 garbage-first heap   total 70656K, used 33717K [0x0000000081800000, 0x0000000100000000)
  region size 1024K, 3 young (3072K), 3 survivors (3072K)
 Metaspace       used 51809K, committed 52096K, reserved 1114112K
  class space    used 6237K, committed 6400K, reserved 1048576K
}
Event: 4.738 GC heap before
{Heap before GC invocations=14 (full 0):
 garbage-first heap   total 70656K, used 34741K [0x0000000081800000, 0x0000000100000000)
  region size 1024K, 4 young (4096K), 3 survivors (3072K)
 Metaspace       used 51827K, committed 52096K, reserved 1114112K
  class space    used 6238K, committed 6400K, reserved 1048576K
}
Event: 4.745 GC heap after
{Heap after GC invocations=15 (full 0):
 garbage-first heap   total 138240K, used 34131K [0x0000000081800000, 0x0000000100000000)
  region size 1024K, 1 young (1024K), 1 survivors (1024K)
 Metaspace       used 51827K, committed 52096K, reserved 1114112K
  class space    used 6238K, committed 6400K, reserved 1048576K
}
Event: 6.094 GC heap before
{Heap before GC invocations=15 (full 0):
 garbage-first heap   total 138240K, used 95571K [0x0000000081800000, 0x0000000100000000)
  region size 1024K, 60 young (61440K), 1 survivors (1024K)
 Metaspace       used 54215K, committed 54464K, reserved 1114112K
  class space    used 6378K, committed 6528K, reserved 1048576K
}
Event: 6.111 GC heap after
{Heap after GC invocations=16 (full 0):
 garbage-first heap   total 138240K, used 42173K [0x0000000081800000, 0x0000000100000000)
  region size 1024K, 8 young (8192K), 8 survivors (8192K)
 Metaspace       used 54215K, committed 54464K, reserved 1114112K
  class space    used 6378K, committed 6528K, reserved 1048576K
}
Event: 7.017 GC heap before
{Heap before GC invocations=16 (full 0):
 garbage-first heap   total 138240K, used 98493K [0x0000000081800000, 0x0000000100000000)
  region size 1024K, 63 young (64512K), 8 survivors (8192K)
 Metaspace       used 57602K, committed 57920K, reserved 1114112K
  class space    used 6758K, committed 6912K, reserved 1048576K
}
Event: 7.035 GC heap after
{Heap after GC invocations=17 (full 0):
 garbage-first heap   total 138240K, used 48837K [0x0000000081800000, 0x0000000100000000)
  region size 1024K, 7 young (7168K), 7 survivors (7168K)
 Metaspace       used 57602K, committed 57920K, reserved 1114112K
  class space    used 6758K, committed 6912K, reserved 1048576K
}
Event: 8.532 GC heap before
{Heap before GC invocations=17 (full 0):
 garbage-first heap   total 138240K, used 104133K [0x0000000081800000, 0x0000000100000000)
  region size 1024K, 60 young (61440K), 7 survivors (7168K)
 Metaspace       used 60783K, committed 61120K, reserved 1114112K
  class space    used 7002K, committed 7168K, reserved 1048576K
}
Event: 8.555 GC heap after
{Heap after GC invocations=18 (full 0):
 garbage-first heap   total 138240K, used 56534K [0x0000000081800000, 0x0000000100000000)
  region size 1024K, 8 young (8192K), 8 survivors (8192K)
 Metaspace       used 60783K, committed 61120K, reserved 1114112K
  class space    used 7002K, committed 7168K, reserved 1048576K
}
Event: 10.351 GC heap before
{Heap before GC invocations=18 (full 0):
 garbage-first heap   total 138240K, used 106710K [0x0000000081800000, 0x0000000100000000)
  region size 1024K, 57 young (58368K), 8 survivors (8192K)
 Metaspace       used 63485K, committed 63744K, reserved 1114112K
  class space    used 7185K, committed 7296K, reserved 1048576K
}
Event: 10.373 GC heap after
{Heap after GC invocations=19 (full 0):
 garbage-first heap   total 241664K, used 61072K [0x0000000081800000, 0x0000000100000000)
  region size 1024K, 5 young (5120K), 5 survivors (5120K)
 Metaspace       used 63485K, committed 63744K, reserved 1114112K
  class space    used 7185K, committed 7296K, reserved 1048576K
}

Dll operation events (2 events):
Event: 0.008 Loaded shared library C:\Program Files\Android\Android Studio\jbr\bin\java.dll
Event: 1.403 Loaded shared library C:\Program Files\Android\Android Studio\jbr\bin\verify.dll

Deoptimization events (20 events):
Event: 11.989 Thread 0x00000156bd3a7d10 Uncommon trap: trap_request=0xffffffde fr.pc=0x00000156c86f18bc relative=0x000000000000087c
Event: 11.989 Thread 0x00000156bd3a7d10 Uncommon trap: reason=class_check action=maybe_recompile pc=0x00000156c86f18bc method=org.jetbrains.kotlin.types.TypeWithEnhancementKt.inheritEnhancement(Lorg/jetbrains/kotlin/types/UnwrappedType;Lorg/jetbrains/kotlin/types/KotlinType;Lkotlin/jvm/function
Event: 11.989 Thread 0x00000156bd3a7d10 DEOPT PACKING pc=0x00000156c86f18bc sp=0x00000035daffc0e0
Event: 11.989 Thread 0x00000156bd3a7d10 DEOPT UNPACKING pc=0x00000156c7e069a3 sp=0x00000035daffbfb0 mode 2
Event: 11.989 Thread 0x00000156bd3a7d10 Uncommon trap: trap_request=0xffffffde fr.pc=0x00000156c86f40cc relative=0x000000000000064c
Event: 11.989 Thread 0x00000156bd3a7d10 Uncommon trap: reason=class_check action=maybe_recompile pc=0x00000156c86f40cc method=org.jetbrains.kotlin.types.TypeWithEnhancementKt.inheritEnhancement(Lorg/jetbrains/kotlin/types/UnwrappedType;Lorg/jetbrains/kotlin/types/KotlinType;Lkotlin/jvm/function
Event: 11.989 Thread 0x00000156bd3a7d10 DEOPT PACKING pc=0x00000156c86f40cc sp=0x00000035daffc000
Event: 11.989 Thread 0x00000156bd3a7d10 DEOPT UNPACKING pc=0x00000156c7e069a3 sp=0x00000035daffbfc0 mode 2
Event: 11.992 Thread 0x00000156bd3a7d10 Uncommon trap: trap_request=0xffffffc6 fr.pc=0x00000156c86551dc relative=0x00000000000000bc
Event: 11.992 Thread 0x00000156bd3a7d10 Uncommon trap: reason=bimorphic_or_optimized_type_check action=maybe_recompile pc=0x00000156c86551dc method=org.jetbrains.kotlin.types.DelegatingSimpleType.getArguments()Ljava/util/List; @ 4 c2
Event: 11.992 Thread 0x00000156bd3a7d10 DEOPT PACKING pc=0x00000156c86551dc sp=0x00000035daffb0c0
Event: 11.992 Thread 0x00000156bd3a7d10 DEOPT UNPACKING pc=0x00000156c7e069a3 sp=0x00000035daffb048 mode 2
Event: 11.995 Thread 0x00000156bd3a7d10 Uncommon trap: trap_request=0xffffffc6 fr.pc=0x00000156c86551dc relative=0x00000000000000bc
Event: 11.995 Thread 0x00000156bd3a7d10 Uncommon trap: reason=bimorphic_or_optimized_type_check action=maybe_recompile pc=0x00000156c86551dc method=org.jetbrains.kotlin.types.DelegatingSimpleType.getArguments()Ljava/util/List; @ 4 c2
Event: 11.995 Thread 0x00000156bd3a7d10 DEOPT PACKING pc=0x00000156c86551dc sp=0x00000035daffb260
Event: 11.995 Thread 0x00000156bd3a7d10 DEOPT UNPACKING pc=0x00000156c7e069a3 sp=0x00000035daffb1e8 mode 2
Event: 11.996 Thread 0x00000156bd3a7d10 Uncommon trap: trap_request=0xffffffc6 fr.pc=0x00000156c86551dc relative=0x00000000000000bc
Event: 11.997 Thread 0x00000156bd3a7d10 Uncommon trap: reason=bimorphic_or_optimized_type_check action=maybe_recompile pc=0x00000156c86551dc method=org.jetbrains.kotlin.types.DelegatingSimpleType.getArguments()Ljava/util/List; @ 4 c2
Event: 11.997 Thread 0x00000156bd3a7d10 DEOPT PACKING pc=0x00000156c86551dc sp=0x00000035daffb260
Event: 11.997 Thread 0x00000156bd3a7d10 DEOPT UNPACKING pc=0x00000156c7e069a3 sp=0x00000035daffb1e8 mode 2

Classes unloaded (0 events):
No events

Classes redefined (0 events):
No events

Internal exceptions (20 events):
Event: 6.168 Thread 0x00000156bd3a7d10 Implicit null exception at 0x00000156c839c80c to 0x00000156c839ca38
Event: 6.169 Thread 0x00000156bd3a7d10 Implicit null exception at 0x00000156c845478f to 0x00000156c8454809
Event: 6.380 Thread 0x00000156bd3a7d10 Exception <a 'java/lang/NoSuchMethodError'{0x00000000893c1a48}: 'int java.lang.invoke.DirectMethodHandle$Holder.invokeStaticInit(java.lang.Object, int)'> (0x00000000893c1a48) 
thrown [s\src\hotspot\share\interpreter\linkResolver.cpp, line 771]
Event: 6.417 Thread 0x00000156bd3a7d10 Exception <a 'java/lang/NoSuchMethodError'{0x00000000892b42e0}: 'java.lang.Object java.lang.invoke.DirectMethodHandle$Holder.newInvokeSpecial(java.lang.Object, java.lang.Object, java.lang.Object, java.lang.Object, java.lang.Object, java.lang.Object)'> (0x00000000892b42e0) 
thrown [s\src\hotspot\share\interpreter\linkResolver.cpp, line 771]
Event: 6.788 Thread 0x00000156bd3a7d10 Implicit null exception at 0x00000156c858680b to 0x00000156c8586a20
Event: 7.001 Thread 0x00000156bd3a7d10 Implicit null exception at 0x00000156c846f320 to 0x00000156c846f4a4
Event: 7.001 Thread 0x00000156bd3a7d10 Implicit null exception at 0x00000156c83b80e0 to 0x00000156c83b817a
Event: 7.081 Thread 0x00000156bd3a7d10 Exception <a 'java/lang/NoSuchMethodError'{0x0000000089cd2cd0}: 'java.lang.Object java.lang.invoke.DirectMethodHandle$Holder.invokeStatic(java.lang.Object, int, java.lang.Object)'> (0x0000000089cd2cd0) 
thrown [s\src\hotspot\share\interpreter\linkResolver.cpp, line 771]
Event: 7.088 Thread 0x00000156bd3a7d10 Exception <a 'java/lang/NoSuchMethodError'{0x0000000089b11700}: 'java.lang.Object java.lang.invoke.DirectMethodHandle$Holder.newInvokeSpecial(java.lang.Object, int, java.lang.Object, java.lang.Object)'> (0x0000000089b11700) 
thrown [s\src\hotspot\share\interpreter\linkResolver.cpp, line 771]
Event: 7.150 Thread 0x00000156bd3a7d10 Exception <a 'java/lang/NoSuchMethodError'{0x0000000089ab80b0}: 'java.lang.Object java.lang.invoke.DirectMethodHandle$Holder.invokeInterface(java.lang.Object, java.lang.Object, java.lang.Object)'> (0x0000000089ab80b0) 
thrown [s\src\hotspot\share\interpreter\linkResolver.cpp, line 771]
Event: 7.150 Thread 0x00000156bd3a7d10 Exception <a 'java/lang/IncompatibleClassChangeError'{0x0000000089abba20}: Found class java.lang.Object, but interface was expected> (0x0000000089abba20) 
thrown [s\src\hotspot\share\interpreter\linkResolver.cpp, line 838]
Event: 7.616 Thread 0x00000156bd3a7d10 Exception <a 'java/lang/NoSuchMethodError'{0x00000000889c4018}: 'java.lang.Object java.lang.invoke.DirectMethodHandle$Holder.newInvokeSpecial(java.lang.Object, java.lang.Object, java.lang.Object, java.lang.Object, java.lang.Object, java.lang.Object, java.lang.Object)'> (0x00000000889c4018) 
thrown [s\src\hotspot\share\interpreter\linkResolver.cpp, line 771]
Event: 7.616 Thread 0x00000156bd3a7d10 Exception <a 'java/lang/NoSuchMethodError'{0x00000000889c8e78}: 'java.lang.Object java.lang.invoke.Invokers$Holder.linkToTargetMethod(java.lang.Object, java.lang.Object, java.lang.Object, java.lang.Object, java.lang.Object, java.lang.Object, java.lang.Object)'> (0x00000000889c8e78) 
thrown [s\src\hotspot\share\interpreter\linkResolver.cpp, line 771]
Event: 9.684 Thread 0x00000156bd3a7d10 Exception <a 'java/lang/NoSuchMethodError'{0x00000000886a5720}: 'void java.lang.invoke.DirectMethodHandle$Holder.invokeStatic(java.lang.Object, java.lang.Object, java.lang.Object)'> (0x00000000886a5720) 
thrown [s\src\hotspot\share\interpreter\linkResolver.cpp, line 771]
Event: 10.069 Thread 0x00000156bd3a7d10 Implicit null exception at 0x00000156c83ec78c to 0x00000156c83ec9b4
Event: 10.464 Thread 0x00000156bd3a7d10 Exception <a 'java/lang/NoSuchMethodError'{0x0000000090197f38}: 'java.lang.Object java.lang.invoke.DirectMethodHandle$Holder.invokeStaticInit(java.lang.Object, java.lang.Object, java.lang.Object, java.lang.Object)'> (0x0000000090197f38) 
thrown [s\src\hotspot\share\interpreter\linkResolver.cpp, line 771]
Event: 10.798 Thread 0x00000156bd3a7d10 Implicit null exception at 0x00000156c83be616 to 0x00000156c83be884
Event: 10.982 Thread 0x00000156bd3a7d10 Exception <a 'java/lang/NoSuchMethodError'{0x000000008efe81e0}: 'java.lang.Object java.lang.invoke.DirectMethodHandle$Holder.newInvokeSpecial(java.lang.Object, java.lang.Object, java.lang.Object, int, int)'> (0x000000008efe81e0) 
thrown [s\src\hotspot\share\interpreter\linkResolver.cpp, line 771]
Event: 10.982 Thread 0x00000156bd3a7d10 Exception <a 'java/lang/NoSuchMethodError'{0x000000008efec020}: 'java.lang.Object java.lang.invoke.DirectMethodHandle$Holder.invokeSpecial(java.lang.Object, java.lang.Object, java.lang.Object, java.lang.Object, int, int)'> (0x000000008efec020) 
thrown [s\src\hotspot\share\interpreter\linkResolver.cpp, line 771]
Event: 11.242 Thread 0x00000156bd3a7d10 Exception <a 'java/lang/NoSuchMethodError'{0x000000008e8f73a0}: 'java.lang.Object java.lang.invoke.DirectMethodHandle$Holder.invokeSpecial(java.lang.Object, java.lang.Object, int, int, java.lang.Object, java.lang.Object, java.lang.Object, java.lang.Object, java.lang.Object)'> (0x000000008e8f73a0) 
thrown [s\src\hotspot\share\interpreter\linkResolver.cpp, line 771]

VM Operations (20 events):
Event: 11.578 Executing VM operation: HandshakeAllThreads
Event: 11.578 Executing VM operation: HandshakeAllThreads done
Event: 11.579 Executing VM operation: HandshakeAllThreads
Event: 11.579 Executing VM operation: HandshakeAllThreads done
Event: 11.595 Executing VM operation: HandshakeAllThreads
Event: 11.595 Executing VM operation: HandshakeAllThreads done
Event: 11.629 Executing VM operation: HandshakeAllThreads
Event: 11.629 Executing VM operation: HandshakeAllThreads done
Event: 11.681 Executing VM operation: HandshakeAllThreads
Event: 11.681 Executing VM operation: HandshakeAllThreads done
Event: 11.687 Executing VM operation: ICBufferFull
Event: 11.687 Executing VM operation: ICBufferFull done
Event: 11.693 Executing VM operation: HandshakeAllThreads
Event: 11.693 Executing VM operation: HandshakeAllThreads done
Event: 11.773 Executing VM operation: ICBufferFull
Event: 11.774 Executing VM operation: ICBufferFull done
Event: 11.871 Executing VM operation: ICBufferFull
Event: 11.871 Executing VM operation: ICBufferFull done
Event: 11.962 Executing VM operation: ICBufferFull
Event: 11.962 Executing VM operation: ICBufferFull done

Events (20 events):
Event: 11.058 Thread 0x00000156d6a75870 flushing nmethod 0x00000156c1bc1c90
Event: 11.058 Thread 0x00000156d6a75870 flushing nmethod 0x00000156c1bdde90
Event: 11.058 Thread 0x00000156d6a75870 flushing nmethod 0x00000156c1c05290
Event: 11.058 Thread 0x00000156d6a75870 flushing nmethod 0x00000156c1c1d290
Event: 11.058 Thread 0x00000156d6a75870 flushing nmethod 0x00000156c1c62790
Event: 11.058 Thread 0x00000156d6a75870 flushing nmethod 0x00000156c1c6a310
Event: 11.058 Thread 0x00000156d6a75870 flushing nmethod 0x00000156c1c72b90
Event: 11.058 Thread 0x00000156d6a75870 flushing nmethod 0x00000156c1c7c110
Event: 11.059 Thread 0x00000156d6a75870 flushing nmethod 0x00000156c1cfd910
Event: 11.059 Thread 0x00000156d6a75870 flushing nmethod 0x00000156c1db8110
Event: 11.060 Thread 0x00000156d6a75870 flushing nmethod 0x00000156c1e35290
Event: 11.060 Thread 0x00000156d6a75870 flushing nmethod 0x00000156c1e4a310
Event: 11.060 Thread 0x00000156d6a75870 flushing nmethod 0x00000156c1e5ea10
Event: 11.060 Thread 0x00000156d6a75870 flushing nmethod 0x00000156c1e6aa10
Event: 11.060 Thread 0x00000156d6a75870 flushing nmethod 0x00000156c1e70d10
Event: 11.060 Thread 0x00000156d6a75870 flushing nmethod 0x00000156c1ebf710
Event: 11.060 Thread 0x00000156d6a75870 flushing nmethod 0x00000156c1ef1010
Event: 11.061 Thread 0x00000156d6a75870 flushing nmethod 0x00000156c1f9a210
Event: 11.307 loading class java/util/concurrent/locks/AbstractQueuedSynchronizer$Node
Event: 11.307 loading class java/util/concurrent/locks/AbstractQueuedSynchronizer$Node done


Dynamic libraries:
0x00007ff792310000 - 0x00007ff79231a000 	C:\Program Files\Android\Android Studio\jbr\bin\java.exe
0x00007fff81230000 - 0x00007fff81447000 	C:\Windows\SYSTEM32\ntdll.dll
0x00007fff80200000 - 0x00007fff802c4000 	C:\Windows\System32\KERNEL32.DLL
0x00007fff7ea60000 - 0x00007fff7ee07000 	C:\Windows\System32\KERNELBASE.dll
0x00007fff7e940000 - 0x00007fff7ea51000 	C:\Windows\System32\ucrtbase.dll
0x00007fff65370000 - 0x00007fff65387000 	C:\Program Files\Android\Android Studio\jbr\bin\jli.dll
0x00007fff771d0000 - 0x00007fff771eb000 	C:\Program Files\Android\Android Studio\jbr\bin\VCRUNTIME140.dll
0x00007fff80d50000 - 0x00007fff80efe000 	C:\Windows\System32\USER32.dll
0x00007fff7e780000 - 0x00007fff7e7a6000 	C:\Windows\System32\win32u.dll
0x00007fff80d20000 - 0x00007fff80d49000 	C:\Windows\System32\GDI32.dll
0x00007fff7ee10000 - 0x00007fff7ef29000 	C:\Windows\System32\gdi32full.dll
0x00007fff7e8a0000 - 0x00007fff7e93a000 	C:\Windows\System32\msvcp_win.dll
0x00007fff67610000 - 0x00007fff678a3000 	C:\Windows\WinSxS\amd64_microsoft.windows.common-controls_6595b64144ccf1df_6.0.22621.3527_none_270e469b73872a76\COMCTL32.dll
0x00007fff7ef60000 - 0x00007fff7f007000 	C:\Windows\System32\msvcrt.dll
0x00007fff7f010000 - 0x00007fff7f041000 	C:\Windows\System32\IMM32.DLL
0x00007fff78b40000 - 0x00007fff78b4c000 	C:\Program Files\Android\Android Studio\jbr\bin\vcruntime140_1.dll
0x00007fff6bae0000 - 0x00007fff6bb6d000 	C:\Program Files\Android\Android Studio\jbr\bin\msvcp140.dll
0x00007fff2f7b0000 - 0x00007fff30433000 	C:\Program Files\Android\Android Studio\jbr\bin\server\jvm.dll
0x00007fff806e0000 - 0x00007fff80792000 	C:\Windows\System32\ADVAPI32.dll
0x00007fff81140000 - 0x00007fff811e8000 	C:\Windows\System32\sechost.dll
0x00007fff7ef30000 - 0x00007fff7ef58000 	C:\Windows\System32\bcrypt.dll
0x00007fff7f6a0000 - 0x00007fff7f7b5000 	C:\Windows\System32\RPCRT4.dll
0x00007fff7d3d0000 - 0x00007fff7d41d000 	C:\Windows\SYSTEM32\POWRPROF.dll
0x00007fff629e0000 - 0x00007fff629e9000 	C:\Windows\SYSTEM32\WSOCK32.dll
0x00007fff802d0000 - 0x00007fff80341000 	C:\Windows\System32\WS2_32.dll
0x00007fff76dd0000 - 0x00007fff76e04000 	C:\Windows\SYSTEM32\WINMM.dll
0x00007fff768b0000 - 0x00007fff768ba000 	C:\Windows\SYSTEM32\VERSION.dll
0x00007fff7d3b0000 - 0x00007fff7d3c3000 	C:\Windows\SYSTEM32\UMPDC.dll
0x00007fff7d600000 - 0x00007fff7d618000 	C:\Windows\SYSTEM32\kernel.appcore.dll
0x00007fff729d0000 - 0x00007fff729da000 	C:\Program Files\Android\Android Studio\jbr\bin\jimage.dll
0x00007fff7bee0000 - 0x00007fff7c112000 	C:\Windows\SYSTEM32\DBGHELP.DLL
0x00007fff80350000 - 0x00007fff806d8000 	C:\Windows\System32\combase.dll
0x00007fff80120000 - 0x00007fff801f7000 	C:\Windows\System32\OLEAUT32.dll
0x00007fff57e60000 - 0x00007fff57e92000 	C:\Windows\SYSTEM32\dbgcore.DLL
0x00007fff7e820000 - 0x00007fff7e899000 	C:\Windows\System32\bcryptPrimitives.dll
0x00007fff65620000 - 0x00007fff65645000 	C:\Program Files\Android\Android Studio\jbr\bin\java.dll
0x00007fff6b9a0000 - 0x00007fff6b9b8000 	C:\Program Files\Android\Android Studio\jbr\bin\zip.dll
0x00007fff7f7e0000 - 0x00007fff8003c000 	C:\Windows\System32\SHELL32.dll
0x00007fff7c4a0000 - 0x00007fff7cd96000 	C:\Windows\SYSTEM32\windows.storage.dll
0x00007fff7c360000 - 0x00007fff7c49e000 	C:\Windows\SYSTEM32\wintypes.dll
0x00007fff7f050000 - 0x00007fff7f145000 	C:\Windows\System32\SHCORE.dll
0x00007fff807a0000 - 0x00007fff807fe000 	C:\Windows\System32\shlwapi.dll
0x00007fff7e480000 - 0x00007fff7e4a1000 	C:\Windows\SYSTEM32\profapi.dll
0x00007fff68a50000 - 0x00007fff68a69000 	C:\Program Files\Android\Android Studio\jbr\bin\net.dll
0x00007fff75d00000 - 0x00007fff75e36000 	C:\Windows\SYSTEM32\WINHTTP.dll
0x00007fff7dad0000 - 0x00007fff7db39000 	C:\Windows\system32\mswsock.dll
0x00007fff65600000 - 0x00007fff65616000 	C:\Program Files\Android\Android Studio\jbr\bin\nio.dll
0x00007fff6a640000 - 0x00007fff6a650000 	C:\Program Files\Android\Android Studio\jbr\bin\verify.dll

dbghelp: loaded successfully - version: 4.0.5 - missing functions: none
symbol engine: initialized successfully - sym options: 0x614 - pdb path: .;C:\Program Files\Android\Android Studio\jbr\bin;C:\Windows\SYSTEM32;C:\Windows\WinSxS\amd64_microsoft.windows.common-controls_6595b64144ccf1df_6.0.22621.3527_none_270e469b73872a76;C:\Program Files\Android\Android Studio\jbr\bin\server

VM Arguments:
java_command: org.jetbrains.kotlin.cli.jvm.K2JVMCompiler @D:\Faizan (BS)\Semester 8\MAD\Calculator-master\app\build\20240524_7196728346786053819.compiler.options
java_class_path (initial): C:\Users\msaqi\.gradle\caches\modules-2\files-2.1\org.jetbrains.kotlin\kotlin-compiler-embeddable\1.8.0\eb9118d4bcceaa2a94b2ae2a33a4ddba7c9a947f\kotlin-compiler-embeddable-1.8.0.jar;C:\Users\msaqi\.gradle\caches\modules-2\files-2.1\org.jetbrains.kotlin\kotlin-stdlib\1.8.0\1796921c7a3e2e2665a83e6c8d33399336cd39bc\kotlin-stdlib-1.8.0.jar;C:\Users\msaqi\.gradle\caches\modules-2\files-2.1\org.jetbrains.kotlin\kotlin-script-runtime\1.8.0\b2f7e760d283cb339974851c222a4c1d48f2d3d\kotlin-script-runtime-1.8.0.jar;C:\Users\msaqi\.gradle\caches\modules-2\files-2.1\org.jetbrains.kotlin\kotlin-reflect\1.6.10\1cbe9c92c12a94eea200d23c2bbaedaf3daf5132\kotlin-reflect-1.6.10.jar;C:\Users\msaqi\.gradle\caches\modules-2\files-2.1\org.jetbrains.kotlin\kotlin-daemon-embeddable\1.8.0\d255216c551685dc3a7e852b53617f5f01aaaa5c\kotlin-daemon-embeddable-1.8.0.jar;C:\Users\msaqi\.gradle\caches\modules-2\files-2.1\org.jetbrains.intellij.deps\trove4j\1.0.20200330\3afb14d5f9ceb459d724e907a21145e8ff394f02\trove4j-1.0.20200330.jar;C:\Users\msaqi\.gradle\caches\modules-2\files-2.1\net.java.dev.jna\jna\5.6.0\330f2244e9030119ab3030fc3fededc86713d9cc\jna-5.6.0.jar;C:\Users\msaqi\.gradle\caches\modules-2\files-2.1\org.jetbrains.kotlin\kotlin-stdlib-common\1.8.0\f7197e7cc76453ac59f8b0f8d5137cc600becd36\kotlin-stdlib-common-1.8.0.jar;C:\Users\msaqi\.gradle\caches\modules-2\files-2.1\org.jetbrains\annotations\13.0\919f0dfe192fb4e063e7dacadee7f8bb9a2672a9\annotations-13.0.jar
Launcher Type: SUN_STANDARD

[Global flags]
     intx CICompilerCount                          = 3                                         {product} {ergonomic}
     uint ConcGCThreads                            = 1                                         {product} {ergonomic}
     uint G1ConcRefinementThreads                  = 4                                         {product} {ergonomic}
   size_t G1HeapRegionSize                         = 1048576                                   {product} {ergonomic}
    uintx GCDrainStackTargetSize                   = 64                                        {product} {ergonomic}
   size_t InitialHeapSize                          = 134217728                                 {product} {ergonomic}
   size_t MarkStackSize                            = 4194304                                   {product} {ergonomic}
   size_t MaxHeapSize                              = 2122317824                                {product} {ergonomic}
   size_t MaxNewSize                               = 1272971264                                {product} {ergonomic}
   size_t MinHeapDeltaBytes                        = 1048576                                   {product} {ergonomic}
   size_t MinHeapSize                              = 8388608                                   {product} {ergonomic}
    uintx NonNMethodCodeHeapSize                   = 5832780                                {pd product} {ergonomic}
    uintx NonProfiledCodeHeapSize                  = 122912730                              {pd product} {ergonomic}
    uintx ProfiledCodeHeapSize                     = 122912730                              {pd product} {ergonomic}
    uintx ReservedCodeCacheSize                    = 251658240                              {pd product} {ergonomic}
     bool SegmentedCodeCache                       = true                                      {product} {ergonomic}
   size_t SoftMaxHeapSize                          = 2122317824                             {manageable} {ergonomic}
     bool UseCompressedClassPointers               = true                           {product lp64_product} {ergonomic}
     bool UseCompressedOops                        = true                           {product lp64_product} {ergonomic}
     bool UseG1GC                                  = true                                      {product} {ergonomic}
     bool UseLargePagesIndividualAllocation        = false                                  {pd product} {ergonomic}

Logging:
Log output configuration:
 #0: stdout all=warning uptime,level,tags
 #1: stderr all=off uptime,level,tags

Environment Variables:
PATH=C:\Windows\system32;C:\Windows;C:\Windows\System32\Wbem;C:\Windows\System32\WindowsPowerShell\v1.0\;C:\Windows\System32\OpenSSH\;C:\Program Files\NVIDIA Corporation\NVIDIA NvDLISR;C:\Program Files (x86)\NVIDIA Corporation\PhysX\Common;C:\Users\msaqi\AppData\Local\Microsoft\WindowsApps;C:\Users\msaqi\AppData\Local\Programs\Microsoft VS Code\bin;C:\flutter\bin;
USERNAME=msaqi
OS=Windows_NT
PROCESSOR_IDENTIFIER=Intel64 Family 6 Model 142 Stepping 9, GenuineIntel
TMP=C:\Users\msaqi\AppData\Local\Temp
TEMP=C:\Users\msaqi\AppData\Local\Temp



Periodic native trim disabled

JNI global refs:
JNI global refs: 11, weak refs: 6

JNI global refs memory usage: 843, weak refs: 841

OOME stack traces (most recent first):
Classloader memory used:
Loader jdk.internal.loader.ClassLoaders$AppClassLoader                                 : 7065K
Loader bootstrap                                                                       : 1657K
Loader java.net.URLClassLoader                                                         : 192K
Loader jdk.internal.loader.ClassLoaders$PlatformClassLoader                            : 34452B
Loader jdk.internal.reflect.DelegatingClassLoader                                      : 16406B


---------------  S Y S T E M  ---------------

OS:
 Windows 11 , 64 bit Build 22621 (10.0.22621.3527)
OS uptime: 6 days 1:14 hours

CPU: total 4 (initial active 4) (2 cores per cpu, 2 threads per core) family 6 model 142 stepping 9 microcode 0xf0, cx8, cmov, fxsr, ht, mmx, 3dnowpref, sse, sse2, sse3, ssse3, sse4.1, sse4.2, popcnt, lzcnt, tsc, tscinvbit, avx, avx2, aes, erms, clmul, bmi1, bmi2, adx, fma, vzeroupper, clflush, clflushopt
Processor Information for all 4 processors :
  Max Mhz: 2901, Current Mhz: 2900, Mhz Limit: 2871

Memory: 4k page, system-wide physical 8089M (992M free)
TotalPageFile size 12185M (AvailPageFile size 6M)
current process WorkingSet (physical memory assigned to process): 389M, peak: 389M
current process commit charge ("private bytes"): 465M, peak: 468M

vm_info: OpenJDK 64-Bit Server VM (17.0.9+0--11185874) for windows-amd64 JRE (17.0.9+0--11185874), built on Dec  6 2023 18:57:44 by "androidbuild" with MS VC++ 16.10 / 16.11 (VS2019)

END.
