#
# There is insufficient memory for the Java Runtime Environment to continue.
# Native memory allocation (malloc) failed to allocate 1048576 bytes for AllocateHeap
# Possible reasons:
#   The system is out of physical RAM or swap space
#   The process is running with CompressedOops enabled, and the Java Heap may be blocking the growth of the native heap
# Possible solutions:
#   Reduce memory load on the system
#   Increase physical memory or swap space
#   Check if swap backing store is full
#   Decrease Java heap size (-Xmx/-Xms)
#   Decrease number of Java threads
#   Decrease Java thread stack sizes (-Xss)
#   Set larger code cache with -XX:ReservedCodeCacheSize=
#   JVM is running with Unscaled Compressed Oops mode in which the Java heap is
#     placed in the first 4GB address space. The Java Heap base address is the
#     maximum limit for the native heap growth. Please use -XX:HeapBaseMinAddress
#     to set the Java Heap base and to place the Java Heap above 4GB virtual address.
# This output file may be truncated or incomplete.
#
#  Out of Memory Error (allocation.cpp:44), pid=13308, tid=11248
#
# JRE version:  (17.0.9) (build )
# Java VM: OpenJDK 64-Bit Server VM (17.0.9+0--11185874, mixed mode, sharing, tiered, compressed oops, compressed class ptrs, g1 gc, windows-amd64)
# No core dump will be written. Minidumps are not enabled by default on client versions of Windows
#

---------------  S U M M A R Y ------------

Command Line: org.jetbrains.kotlin.cli.jvm.K2JVMCompiler @D:\Faizan (BS)\Semester 8\MAD\Calculator-master\app\build\20240524_4753902866344495441.compiler.options

Host: Intel(R) Core(TM) i7-7500U CPU @ 2.70GHz, 4 cores, 7G,  Windows 11 , 64 bit Build 22621 (10.0.22621.3527)
Time: Fri May 24 00:56:45 2024 Pakistan Standard Time elapsed time: 0.011812 seconds (0d 0h 0m 0s)

---------------  T H R E A D  ---------------

Current thread (0x00000164b5ec7420):  JavaThread "Unknown thread" [_thread_in_vm, id=11248, stack(0x0000003755500000,0x0000003755600000)]

Stack: [0x0000003755500000,0x0000003755600000]
Native frames: (J=compiled Java code, j=interpreted, Vv=VM code, C=native code)
V  [jvm.dll+0x6886e9]
V  [jvm.dll+0x841e4a]
V  [jvm.dll+0x843a8e]
V  [jvm.dll+0x8440f3]
V  [jvm.dll+0x24c14f]
V  [jvm.dll+0xa6b5b]
V  [jvm.dll+0x2ec017]
V  [jvm.dll+0x2e3cab]
V  [jvm.dll+0x8129f1]
V  [jvm.dll+0x3720c1]
V  [jvm.dll+0x7f152c]
V  [jvm.dll+0x3f5d4f]
V  [jvm.dll+0x3f7981]
C  [jli.dll+0x528f]
C  [ucrtbase.dll+0x29333]
C  [KERNEL32.DLL+0x1257d]
C  [ntdll.dll+0x5aa48]


---------------  P R O C E S S  ---------------

Threads class SMR info:
_java_thread_list=0x00007fff302eef18, length=0, elements={
}

Java Threads: ( => current thread )

Other Threads:
  0x00000164b5f25e40 GCTaskThread "GC Thread#0" [stack: 0x0000003755600000,0x0000003755700000] [id=12416]

[error occurred during error reporting (printing all threads), id 0xc0000005, EXCEPTION_ACCESS_VIOLATION (0xc0000005) at pc=0x00007fff2faa0f60]

VM state: not at safepoint (not fully initialized)

VM Mutex/Monitor currently owned by a thread:  ([mutex/lock_event])
[0x00000164b5ec4230] Heap_lock - owner thread: 0x00000164b5ec7420

Heap address: 0x0000000081800000, size: 2024 MB, Compressed Oops mode: 32-bit

CDS archive(s) mapped at: [0x0000000000000000-0x0000000000000000-0x0000000000000000), size 0, SharedBaseAddress: 0x0000000800000000, ArchiveRelocationMode: 1.
Narrow klass base: 0x0000000000000000, Narrow klass shift: 0, Narrow klass range: 0x0

GC Precious Log:
<Empty>

Heap:
 garbage-first heap   total 0K, used 0K [0x0000000081800000, 0x0000000100000000)
  region size 1024K, 0 young (0K), 0 survivors (0K)
 Metaspace       used 0K, committed 0K, reserved 0K
  class space    used 0K, committed 0K, reserved 0K

Heap Regions: E=young(eden), S=young(survivor), O=old, HS=humongous(starts), HC=humongous(continues), CS=collection set, F=free, OA=open archive, CA=closed archive, TAMS=top-at-mark-start (previous, next)

Card table byte_map: [0x00000164ca5a0000,0x00000164ca9a0000] _byte_map_base: 0x00000164ca194000

GC Heap History (0 events):
No events

Dll operation events (1 events):
Event: 0.008 Loaded shared library C:\Program Files\Android\Android Studio\jbr\bin\java.dll

Deoptimization events (0 events):
No events

Classes unloaded (0 events):
No events

Classes redefined (0 events):
No events

Internal exceptions (0 events):
No events

VM Operations (0 events):
No events

Events (0 events):
No events


Dynamic libraries:
0x00007ff792310000 - 0x00007ff79231a000 	C:\Program Files\Android\Android Studio\jbr\bin\java.exe
0x00007fff81230000 - 0x00007fff81447000 	C:\Windows\SYSTEM32\ntdll.dll
0x00007fff80200000 - 0x00007fff802c4000 	C:\Windows\System32\KERNEL32.DLL
0x00007fff7ea60000 - 0x00007fff7ee07000 	C:\Windows\System32\KERNELBASE.dll
0x00007fff7e940000 - 0x00007fff7ea51000 	C:\Windows\System32\ucrtbase.dll
0x00007fff6dce0000 - 0x00007fff6dcfb000 	C:\Program Files\Android\Android Studio\jbr\bin\VCRUNTIME140.dll
0x00007fff65370000 - 0x00007fff65387000 	C:\Program Files\Android\Android Studio\jbr\bin\jli.dll
0x00007fff80d50000 - 0x00007fff80efe000 	C:\Windows\System32\USER32.dll
0x00007fff7e780000 - 0x00007fff7e7a6000 	C:\Windows\System32\win32u.dll
0x00007fff67610000 - 0x00007fff678a3000 	C:\Windows\WinSxS\amd64_microsoft.windows.common-controls_6595b64144ccf1df_6.0.22621.3527_none_270e469b73872a76\COMCTL32.dll
0x00007fff80d20000 - 0x00007fff80d49000 	C:\Windows\System32\GDI32.dll
0x00007fff7ef60000 - 0x00007fff7f007000 	C:\Windows\System32\msvcrt.dll
0x00007fff7ee10000 - 0x00007fff7ef29000 	C:\Windows\System32\gdi32full.dll
0x00007fff7e8a0000 - 0x00007fff7e93a000 	C:\Windows\System32\msvcp_win.dll
0x00007fff7f010000 - 0x00007fff7f041000 	C:\Windows\System32\IMM32.DLL
0x00007fff78b40000 - 0x00007fff78b4c000 	C:\Program Files\Android\Android Studio\jbr\bin\vcruntime140_1.dll
0x00007fff65080000 - 0x00007fff6510d000 	C:\Program Files\Android\Android Studio\jbr\bin\msvcp140.dll
0x00007fff2f7b0000 - 0x00007fff30433000 	C:\Program Files\Android\Android Studio\jbr\bin\server\jvm.dll
0x00007fff806e0000 - 0x00007fff80792000 	C:\Windows\System32\ADVAPI32.dll
0x00007fff81140000 - 0x00007fff811e8000 	C:\Windows\System32\sechost.dll
0x00007fff7ef30000 - 0x00007fff7ef58000 	C:\Windows\System32\bcrypt.dll
0x00007fff7f6a0000 - 0x00007fff7f7b5000 	C:\Windows\System32\RPCRT4.dll
0x00007fff629e0000 - 0x00007fff629e9000 	C:\Windows\SYSTEM32\WSOCK32.dll
0x00007fff76dd0000 - 0x00007fff76e04000 	C:\Windows\SYSTEM32\WINMM.dll
0x00007fff802d0000 - 0x00007fff80341000 	C:\Windows\System32\WS2_32.dll
0x00007fff768b0000 - 0x00007fff768ba000 	C:\Windows\SYSTEM32\VERSION.dll
0x00007fff7d3d0000 - 0x00007fff7d41d000 	C:\Windows\SYSTEM32\POWRPROF.dll
0x00007fff7d3b0000 - 0x00007fff7d3c3000 	C:\Windows\SYSTEM32\UMPDC.dll
0x00007fff7d600000 - 0x00007fff7d618000 	C:\Windows\SYSTEM32\kernel.appcore.dll
0x00007fff729d0000 - 0x00007fff729da000 	C:\Program Files\Android\Android Studio\jbr\bin\jimage.dll
0x00007fff7bee0000 - 0x00007fff7c112000 	C:\Windows\SYSTEM32\DBGHELP.DLL
0x00007fff80350000 - 0x00007fff806d8000 	C:\Windows\System32\combase.dll
0x00007fff80120000 - 0x00007fff801f7000 	C:\Windows\System32\OLEAUT32.dll
0x00007fff57e60000 - 0x00007fff57e92000 	C:\Windows\SYSTEM32\dbgcore.DLL
0x00007fff7e820000 - 0x00007fff7e899000 	C:\Windows\System32\bcryptPrimitives.dll
0x00007fff65620000 - 0x00007fff65645000 	C:\Program Files\Android\Android Studio\jbr\bin\java.dll

dbghelp: loaded successfully - version: 4.0.5 - missing functions: none
symbol engine: initialized successfully - sym options: 0x614 - pdb path: .;C:\Program Files\Android\Android Studio\jbr\bin;C:\Windows\SYSTEM32;C:\Windows\WinSxS\amd64_microsoft.windows.common-controls_6595b64144ccf1df_6.0.22621.3527_none_270e469b73872a76;C:\Program Files\Android\Android Studio\jbr\bin\server

VM Arguments:
java_command: org.jetbrains.kotlin.cli.jvm.K2JVMCompiler @D:\Faizan (BS)\Semester 8\MAD\Calculator-master\app\build\20240524_4753902866344495441.compiler.options
java_class_path (initial): C:\Users\msaqi\.gradle\caches\modules-2\files-2.1\org.jetbrains.kotlin\kotlin-compiler-embeddable\1.8.0\eb9118d4bcceaa2a94b2ae2a33a4ddba7c9a947f\kotlin-compiler-embeddable-1.8.0.jar;C:\Users\msaqi\.gradle\caches\modules-2\files-2.1\org.jetbrains.kotlin\kotlin-stdlib\1.8.0\1796921c7a3e2e2665a83e6c8d33399336cd39bc\kotlin-stdlib-1.8.0.jar;C:\Users\msaqi\.gradle\caches\modules-2\files-2.1\org.jetbrains.kotlin\kotlin-script-runtime\1.8.0\b2f7e760d283cb339974851c222a4c1d48f2d3d\kotlin-script-runtime-1.8.0.jar;C:\Users\msaqi\.gradle\caches\modules-2\files-2.1\org.jetbrains.kotlin\kotlin-reflect\1.6.10\1cbe9c92c12a94eea200d23c2bbaedaf3daf5132\kotlin-reflect-1.6.10.jar;C:\Users\msaqi\.gradle\caches\modules-2\files-2.1\org.jetbrains.kotlin\kotlin-daemon-embeddable\1.8.0\d255216c551685dc3a7e852b53617f5f01aaaa5c\kotlin-daemon-embeddable-1.8.0.jar;C:\Users\msaqi\.gradle\caches\modules-2\files-2.1\org.jetbrains.intellij.deps\trove4j\1.0.20200330\3afb14d5f9ceb459d724e907a21145e8ff394f02\trove4j-1.0.20200330.jar;C:\Users\msaqi\.gradle\caches\modules-2\files-2.1\net.java.dev.jna\jna\5.6.0\330f2244e9030119ab3030fc3fededc86713d9cc\jna-5.6.0.jar;C:\Users\msaqi\.gradle\caches\modules-2\files-2.1\org.jetbrains.kotlin\kotlin-stdlib-common\1.8.0\f7197e7cc76453ac59f8b0f8d5137cc600becd36\kotlin-stdlib-common-1.8.0.jar;C:\Users\msaqi\.gradle\caches\modules-2\files-2.1\org.jetbrains\annotations\13.0\919f0dfe192fb4e063e7dacadee7f8bb9a2672a9\annotations-13.0.jar
Launcher Type: SUN_STANDARD

[Global flags]
     intx CICompilerCount                          = 3                                         {product} {ergonomic}
     uint ConcGCThreads                            = 1                                         {product} {ergonomic}
     uint G1ConcRefinementThreads                  = 4                                         {product} {ergonomic}
   size_t G1HeapRegionSize                         = 1048576                                   {product} {ergonomic}
    uintx GCDrainStackTargetSize                   = 64                                        {product} {ergonomic}
   size_t InitialHeapSize                          = 134217728                                 {product} {ergonomic}
   size_t MarkStackSize                            = 4194304                                   {product} {ergonomic}
   size_t MaxHeapSize                              = 2122317824                                {product} {ergonomic}
   size_t MinHeapDeltaBytes                        = 1048576                                   {product} {ergonomic}
   size_t MinHeapSize                              = 8388608                                   {product} {ergonomic}
    uintx NonNMethodCodeHeapSize                   = 5832780                                {pd product} {ergonomic}
    uintx NonProfiledCodeHeapSize                  = 122912730                              {pd product} {ergonomic}
    uintx ProfiledCodeHeapSize                     = 122912730                              {pd product} {ergonomic}
    uintx ReservedCodeCacheSize                    = 251658240                              {pd product} {ergonomic}
     bool SegmentedCodeCache                       = true                                      {product} {ergonomic}
   size_t SoftMaxHeapSize                          = 2122317824                             {manageable} {ergonomic}
     bool UseCompressedClassPointers               = true                           {product lp64_product} {ergonomic}
     bool UseCompressedOops                        = true                           {product lp64_product} {ergonomic}
     bool UseG1GC                                  = true                                      {product} {ergonomic}
     bool UseLargePagesIndividualAllocation        = false                                  {pd product} {ergonomic}

Logging:
Log output configuration:
 #0: stdout all=warning uptime,level,tags
 #1: stderr all=off uptime,level,tags

Environment Variables:
PATH=C:\Windows\system32;C:\Windows;C:\Windows\System32\Wbem;C:\Windows\System32\WindowsPowerShell\v1.0\;C:\Windows\System32\OpenSSH\;C:\Program Files\NVIDIA Corporation\NVIDIA NvDLISR;C:\Program Files (x86)\NVIDIA Corporation\PhysX\Common;C:\Users\msaqi\AppData\Local\Microsoft\WindowsApps;C:\Users\msaqi\AppData\Local\Programs\Microsoft VS Code\bin;C:\flutter\bin;
USERNAME=msaqi
OS=Windows_NT
PROCESSOR_IDENTIFIER=Intel64 Family 6 Model 142 Stepping 9, GenuineIntel
TMP=C:\Users\msaqi\AppData\Local\Temp
TEMP=C:\Users\msaqi\AppData\Local\Temp



Periodic native trim disabled

JNI global refs:
JNI global refs: 0, weak refs: 0

JNI global refs memory usage: 0, weak refs: 0

OOME stack traces (most recent first):
Classloader memory used:


---------------  S Y S T E M  ---------------

OS:
 Windows 11 , 64 bit Build 22621 (10.0.22621.3527)
OS uptime: 6 days 1:08 hours

CPU: total 4 (initial active 4) (2 cores per cpu, 2 threads per core) family 6 model 142 stepping 9 microcode 0xf0, cx8, cmov, fxsr, ht, mmx, 3dnowpref, sse, sse2, sse3, ssse3, sse4.1, sse4.2, popcnt, lzcnt, tsc, tscinvbit, avx, avx2, aes, erms, clmul, bmi1, bmi2, adx, fma, vzeroupper, clflush, clflushopt
Processor Information for processor 0
  Max Mhz: 2901, Current Mhz: 2900, Mhz Limit: 2871
Processor Information for processor 1
  Max Mhz: 2901, Current Mhz: 1500, Mhz Limit: 2871
Processor Information for processor 2
  Max Mhz: 2901, Current Mhz: 2900, Mhz Limit: 2871
Processor Information for processor 3
  Max Mhz: 2901, Current Mhz: 2900, Mhz Limit: 2871

Memory: 4k page, system-wide physical 8089M (949M free)
TotalPageFile size 12185M (AvailPageFile size 5M)
current process WorkingSet (physical memory assigned to process): 11M, peak: 11M
current process commit charge ("private bytes"): 48M, peak: 48M

vm_info: OpenJDK 64-Bit Server VM (17.0.9+0--11185874) for windows-amd64 JRE (17.0.9+0--11185874), built on Dec  6 2023 18:57:44 by "androidbuild" with MS VC++ 16.10 / 16.11 (VS2019)

END.
